2019-04-12 02:19:32,839 ----------------------------------------------------------------------------------------------------
2019-04-12 02:19:32,839 ----------------------------------------------------------------------------------------------------
2019-04-12 02:19:32,839 ----------------------------------------------------------------------------------------------------
2019-04-12 02:19:32,839 ----------------------------------------------------------------------------------------------------
2019-04-12 02:19:32,871 Evaluation method: MICRO_F1_SCORE
2019-04-12 02:19:32,871 Evaluation method: MICRO_F1_SCORE
2019-04-12 02:19:32,871 Evaluation method: MICRO_F1_SCORE
2019-04-12 02:19:32,871 Evaluation method: MICRO_F1_SCORE
2019-04-12 02:19:32,964 ----------------------------------------------------------------------------------------------------
2019-04-12 02:19:32,964 ----------------------------------------------------------------------------------------------------
2019-04-12 02:19:32,964 ----------------------------------------------------------------------------------------------------
2019-04-12 02:19:32,964 ----------------------------------------------------------------------------------------------------
2019-04-12 02:19:35,378 epoch 1 - iter 0/3693 - loss 0.01928016
2019-04-12 02:19:35,378 epoch 1 - iter 0/3693 - loss 0.01928016
2019-04-12 02:19:35,378 epoch 1 - iter 0/3693 - loss 0.01928016
2019-04-12 02:19:35,378 epoch 1 - iter 0/3693 - loss 0.01928016
2019-04-12 02:32:26,880 epoch 1 - iter 369/3693 - loss 0.02494450
2019-04-12 02:32:26,880 epoch 1 - iter 369/3693 - loss 0.02494450
2019-04-12 02:32:26,880 epoch 1 - iter 369/3693 - loss 0.02494450
2019-04-12 02:32:26,880 epoch 1 - iter 369/3693 - loss 0.02494450
2019-04-12 02:44:54,158 epoch 1 - iter 738/3693 - loss 0.02522087
2019-04-12 02:44:54,158 epoch 1 - iter 738/3693 - loss 0.02522087
2019-04-12 02:44:54,158 epoch 1 - iter 738/3693 - loss 0.02522087
2019-04-12 02:44:54,158 epoch 1 - iter 738/3693 - loss 0.02522087
2019-04-12 02:57:53,970 epoch 1 - iter 1107/3693 - loss 0.02476330
2019-04-12 02:57:53,970 epoch 1 - iter 1107/3693 - loss 0.02476330
2019-04-12 02:57:53,970 epoch 1 - iter 1107/3693 - loss 0.02476330
2019-04-12 02:57:53,970 epoch 1 - iter 1107/3693 - loss 0.02476330
2019-04-12 03:11:25,791 epoch 1 - iter 1476/3693 - loss 0.02440364
2019-04-12 03:11:25,791 epoch 1 - iter 1476/3693 - loss 0.02440364
2019-04-12 03:11:25,791 epoch 1 - iter 1476/3693 - loss 0.02440364
2019-04-12 03:11:25,791 epoch 1 - iter 1476/3693 - loss 0.02440364
2019-04-12 03:25:04,299 epoch 1 - iter 1845/3693 - loss 0.02440232
2019-04-12 03:25:04,299 epoch 1 - iter 1845/3693 - loss 0.02440232
2019-04-12 03:25:04,299 epoch 1 - iter 1845/3693 - loss 0.02440232
2019-04-12 03:25:04,299 epoch 1 - iter 1845/3693 - loss 0.02440232
2019-04-12 03:37:51,789 epoch 1 - iter 2214/3693 - loss 0.02427780
2019-04-12 03:37:51,789 epoch 1 - iter 2214/3693 - loss 0.02427780
2019-04-12 03:37:51,789 epoch 1 - iter 2214/3693 - loss 0.02427780
2019-04-12 03:37:51,789 epoch 1 - iter 2214/3693 - loss 0.02427780
2019-04-12 03:50:49,307 epoch 1 - iter 2583/3693 - loss 0.02429933
2019-04-12 03:50:49,307 epoch 1 - iter 2583/3693 - loss 0.02429933
2019-04-12 03:50:49,307 epoch 1 - iter 2583/3693 - loss 0.02429933
2019-04-12 03:50:49,307 epoch 1 - iter 2583/3693 - loss 0.02429933
2019-04-12 04:03:40,552 epoch 1 - iter 2952/3693 - loss 0.02421627
2019-04-12 04:03:40,552 epoch 1 - iter 2952/3693 - loss 0.02421627
2019-04-12 04:03:40,552 epoch 1 - iter 2952/3693 - loss 0.02421627
2019-04-12 04:03:40,552 epoch 1 - iter 2952/3693 - loss 0.02421627
2019-04-12 04:17:23,602 epoch 1 - iter 3321/3693 - loss 0.02414332
2019-04-12 04:17:23,602 epoch 1 - iter 3321/3693 - loss 0.02414332
2019-04-12 04:17:23,602 epoch 1 - iter 3321/3693 - loss 0.02414332
2019-04-12 04:17:23,602 epoch 1 - iter 3321/3693 - loss 0.02414332
2019-04-12 04:30:11,930 epoch 1 - iter 3690/3693 - loss 0.02400512
2019-04-12 04:30:11,930 epoch 1 - iter 3690/3693 - loss 0.02400512
2019-04-12 04:30:11,930 epoch 1 - iter 3690/3693 - loss 0.02400512
2019-04-12 04:30:11,930 epoch 1 - iter 3690/3693 - loss 0.02400512
2019-04-12 04:30:14,711 ----------------------------------------------------------------------------------------------------
2019-04-12 04:30:14,711 ----------------------------------------------------------------------------------------------------
2019-04-12 04:30:14,711 ----------------------------------------------------------------------------------------------------
2019-04-12 04:30:14,711 ----------------------------------------------------------------------------------------------------
2019-04-12 04:30:14,768 EPOCH 1 done: loss 0.0240 - lr 0.1000 - bad epochs 0
2019-04-12 04:30:14,768 EPOCH 1 done: loss 0.0240 - lr 0.1000 - bad epochs 0
2019-04-12 04:30:14,768 EPOCH 1 done: loss 0.0240 - lr 0.1000 - bad epochs 0
2019-04-12 04:30:14,768 EPOCH 1 done: loss 0.0240 - lr 0.1000 - bad epochs 0
2019-04-12 04:32:48,594 DEV  : loss 0.02273116 - f-score 0.9147 - acc 0.8428
2019-04-12 04:32:48,594 DEV  : loss 0.02273116 - f-score 0.9147 - acc 0.8428
2019-04-12 04:32:48,594 DEV  : loss 0.02273116 - f-score 0.9147 - acc 0.8428
2019-04-12 04:32:48,594 DEV  : loss 0.02273116 - f-score 0.9147 - acc 0.8428
2019-04-12 04:50:07,928 TEST : loss 0.02063120 - f-score 0.9247 - acc 0.8600
2019-04-12 04:50:07,928 TEST : loss 0.02063120 - f-score 0.9247 - acc 0.8600
2019-04-12 04:50:07,928 TEST : loss 0.02063120 - f-score 0.9247 - acc 0.8600
2019-04-12 04:50:07,928 TEST : loss 0.02063120 - f-score 0.9247 - acc 0.8600
2019-04-12 04:50:17,642 ----------------------------------------------------------------------------------------------------
2019-04-12 04:50:17,642 ----------------------------------------------------------------------------------------------------
2019-04-12 04:50:17,642 ----------------------------------------------------------------------------------------------------
2019-04-12 04:50:17,642 ----------------------------------------------------------------------------------------------------
2019-04-12 04:50:23,111 epoch 2 - iter 0/3693 - loss 0.00102975
2019-04-12 04:50:23,111 epoch 2 - iter 0/3693 - loss 0.00102975
2019-04-12 04:50:23,111 epoch 2 - iter 0/3693 - loss 0.00102975
2019-04-12 04:50:23,111 epoch 2 - iter 0/3693 - loss 0.00102975
2019-04-12 05:04:17,099 epoch 2 - iter 369/3693 - loss 0.02218104
2019-04-12 05:04:17,099 epoch 2 - iter 369/3693 - loss 0.02218104
2019-04-12 05:04:17,099 epoch 2 - iter 369/3693 - loss 0.02218104
2019-04-12 05:04:17,099 epoch 2 - iter 369/3693 - loss 0.02218104
2019-04-12 05:17:45,512 epoch 2 - iter 738/3693 - loss 0.02231757
2019-04-12 05:17:45,512 epoch 2 - iter 738/3693 - loss 0.02231757
2019-04-12 05:17:45,512 epoch 2 - iter 738/3693 - loss 0.02231757
2019-04-12 05:17:45,512 epoch 2 - iter 738/3693 - loss 0.02231757
2019-04-12 05:30:24,219 epoch 2 - iter 1107/3693 - loss 0.02243344
2019-04-12 05:30:24,219 epoch 2 - iter 1107/3693 - loss 0.02243344
2019-04-12 05:30:24,219 epoch 2 - iter 1107/3693 - loss 0.02243344
2019-04-12 05:30:24,219 epoch 2 - iter 1107/3693 - loss 0.02243344
2019-04-12 05:43:26,712 epoch 2 - iter 1476/3693 - loss 0.02227737
2019-04-12 05:43:26,712 epoch 2 - iter 1476/3693 - loss 0.02227737
2019-04-12 05:43:26,712 epoch 2 - iter 1476/3693 - loss 0.02227737
2019-04-12 05:43:26,712 epoch 2 - iter 1476/3693 - loss 0.02227737
2019-04-12 05:56:12,168 epoch 2 - iter 1845/3693 - loss 0.02245879
2019-04-12 05:56:12,168 epoch 2 - iter 1845/3693 - loss 0.02245879
2019-04-12 05:56:12,168 epoch 2 - iter 1845/3693 - loss 0.02245879
2019-04-12 05:56:12,168 epoch 2 - iter 1845/3693 - loss 0.02245879
2019-04-12 06:09:08,759 epoch 2 - iter 2214/3693 - loss 0.02235166
2019-04-12 06:09:08,759 epoch 2 - iter 2214/3693 - loss 0.02235166
2019-04-12 06:09:08,759 epoch 2 - iter 2214/3693 - loss 0.02235166
2019-04-12 06:09:08,759 epoch 2 - iter 2214/3693 - loss 0.02235166
2019-04-12 06:21:41,076 epoch 2 - iter 2583/3693 - loss 0.02226990
2019-04-12 06:21:41,076 epoch 2 - iter 2583/3693 - loss 0.02226990
2019-04-12 06:21:41,076 epoch 2 - iter 2583/3693 - loss 0.02226990
2019-04-12 06:21:41,076 epoch 2 - iter 2583/3693 - loss 0.02226990
2019-04-12 06:34:06,916 epoch 2 - iter 2952/3693 - loss 0.02209878
2019-04-12 06:34:06,916 epoch 2 - iter 2952/3693 - loss 0.02209878
2019-04-12 06:34:06,916 epoch 2 - iter 2952/3693 - loss 0.02209878
2019-04-12 06:34:06,916 epoch 2 - iter 2952/3693 - loss 0.02209878
2019-04-12 06:46:34,759 epoch 2 - iter 3321/3693 - loss 0.02190358
2019-04-12 06:46:34,759 epoch 2 - iter 3321/3693 - loss 0.02190358
2019-04-12 06:46:34,759 epoch 2 - iter 3321/3693 - loss 0.02190358
2019-04-12 06:46:34,759 epoch 2 - iter 3321/3693 - loss 0.02190358
2019-04-12 06:59:19,713 epoch 2 - iter 3690/3693 - loss 0.02207810
2019-04-12 06:59:19,713 epoch 2 - iter 3690/3693 - loss 0.02207810
2019-04-12 06:59:19,713 epoch 2 - iter 3690/3693 - loss 0.02207810
2019-04-12 06:59:19,713 epoch 2 - iter 3690/3693 - loss 0.02207810
2019-04-12 06:59:23,054 ----------------------------------------------------------------------------------------------------
2019-04-12 06:59:23,054 ----------------------------------------------------------------------------------------------------
2019-04-12 06:59:23,054 ----------------------------------------------------------------------------------------------------
2019-04-12 06:59:23,054 ----------------------------------------------------------------------------------------------------
2019-04-12 06:59:23,103 EPOCH 2 done: loss 0.0221 - lr 0.1000 - bad epochs 0
2019-04-12 06:59:23,103 EPOCH 2 done: loss 0.0221 - lr 0.1000 - bad epochs 0
2019-04-12 06:59:23,103 EPOCH 2 done: loss 0.0221 - lr 0.1000 - bad epochs 0
2019-04-12 06:59:23,103 EPOCH 2 done: loss 0.0221 - lr 0.1000 - bad epochs 0
2019-04-12 07:01:42,260 DEV  : loss 0.02264307 - f-score 0.9150 - acc 0.8433
2019-04-12 07:01:42,260 DEV  : loss 0.02264307 - f-score 0.9150 - acc 0.8433
2019-04-12 07:01:42,260 DEV  : loss 0.02264307 - f-score 0.9150 - acc 0.8433
2019-04-12 07:01:42,260 DEV  : loss 0.02264307 - f-score 0.9150 - acc 0.8433
2019-04-12 07:17:50,752 TEST : loss 0.02066974 - f-score 0.9237 - acc 0.8582
2019-04-12 07:17:50,752 TEST : loss 0.02066974 - f-score 0.9237 - acc 0.8582
2019-04-12 07:17:50,752 TEST : loss 0.02066974 - f-score 0.9237 - acc 0.8582
2019-04-12 07:17:50,752 TEST : loss 0.02066974 - f-score 0.9237 - acc 0.8582
2019-04-12 07:17:57,736 ----------------------------------------------------------------------------------------------------
2019-04-12 07:17:57,736 ----------------------------------------------------------------------------------------------------
2019-04-12 07:17:57,736 ----------------------------------------------------------------------------------------------------
2019-04-12 07:17:57,736 ----------------------------------------------------------------------------------------------------
2019-04-12 07:18:00,199 epoch 3 - iter 0/3693 - loss 0.04731375
2019-04-12 07:18:00,199 epoch 3 - iter 0/3693 - loss 0.04731375
2019-04-12 07:18:00,199 epoch 3 - iter 0/3693 - loss 0.04731375
2019-04-12 07:18:00,199 epoch 3 - iter 0/3693 - loss 0.04731375
2019-04-12 07:31:10,930 epoch 3 - iter 369/3693 - loss 0.02079406
2019-04-12 07:31:10,930 epoch 3 - iter 369/3693 - loss 0.02079406
2019-04-12 07:31:10,930 epoch 3 - iter 369/3693 - loss 0.02079406
2019-04-12 07:31:10,930 epoch 3 - iter 369/3693 - loss 0.02079406
2019-04-12 07:44:06,020 epoch 3 - iter 738/3693 - loss 0.02093585
2019-04-12 07:44:06,020 epoch 3 - iter 738/3693 - loss 0.02093585
2019-04-12 07:44:06,020 epoch 3 - iter 738/3693 - loss 0.02093585
2019-04-12 07:44:06,020 epoch 3 - iter 738/3693 - loss 0.02093585
2019-04-12 07:56:38,446 epoch 3 - iter 1107/3693 - loss 0.02080685
2019-04-12 07:56:38,446 epoch 3 - iter 1107/3693 - loss 0.02080685
2019-04-12 07:56:38,446 epoch 3 - iter 1107/3693 - loss 0.02080685
2019-04-12 07:56:38,446 epoch 3 - iter 1107/3693 - loss 0.02080685
2019-04-12 08:09:02,533 epoch 3 - iter 1476/3693 - loss 0.02096780
2019-04-12 08:09:02,533 epoch 3 - iter 1476/3693 - loss 0.02096780
2019-04-12 08:09:02,533 epoch 3 - iter 1476/3693 - loss 0.02096780
2019-04-12 08:09:02,533 epoch 3 - iter 1476/3693 - loss 0.02096780
2019-04-12 08:21:25,888 epoch 3 - iter 1845/3693 - loss 0.02116979
2019-04-12 08:21:25,888 epoch 3 - iter 1845/3693 - loss 0.02116979
2019-04-12 08:21:25,888 epoch 3 - iter 1845/3693 - loss 0.02116979
2019-04-12 08:21:25,888 epoch 3 - iter 1845/3693 - loss 0.02116979
2019-04-12 08:33:25,855 epoch 3 - iter 2214/3693 - loss 0.02116056
2019-04-12 08:33:25,855 epoch 3 - iter 2214/3693 - loss 0.02116056
2019-04-12 08:33:25,855 epoch 3 - iter 2214/3693 - loss 0.02116056
2019-04-12 08:33:25,855 epoch 3 - iter 2214/3693 - loss 0.02116056
2019-04-12 08:45:41,446 epoch 3 - iter 2583/3693 - loss 0.02105581
2019-04-12 08:45:41,446 epoch 3 - iter 2583/3693 - loss 0.02105581
2019-04-12 08:45:41,446 epoch 3 - iter 2583/3693 - loss 0.02105581
2019-04-12 08:45:41,446 epoch 3 - iter 2583/3693 - loss 0.02105581
2019-04-12 08:58:06,673 epoch 3 - iter 2952/3693 - loss 0.02111103
2019-04-12 08:58:06,673 epoch 3 - iter 2952/3693 - loss 0.02111103
2019-04-12 08:58:06,673 epoch 3 - iter 2952/3693 - loss 0.02111103
2019-04-12 08:58:06,673 epoch 3 - iter 2952/3693 - loss 0.02111103
2019-04-12 09:10:38,774 epoch 3 - iter 3321/3693 - loss 0.02107908
2019-04-12 09:10:38,774 epoch 3 - iter 3321/3693 - loss 0.02107908
2019-04-12 09:10:38,774 epoch 3 - iter 3321/3693 - loss 0.02107908
2019-04-12 09:10:38,774 epoch 3 - iter 3321/3693 - loss 0.02107908
2019-04-12 09:23:22,660 epoch 3 - iter 3690/3693 - loss 0.02130299
2019-04-12 09:23:22,660 epoch 3 - iter 3690/3693 - loss 0.02130299
2019-04-12 09:23:22,660 epoch 3 - iter 3690/3693 - loss 0.02130299
2019-04-12 09:23:22,660 epoch 3 - iter 3690/3693 - loss 0.02130299
2019-04-12 09:23:25,973 ----------------------------------------------------------------------------------------------------
2019-04-12 09:23:25,973 ----------------------------------------------------------------------------------------------------
2019-04-12 09:23:25,973 ----------------------------------------------------------------------------------------------------
2019-04-12 09:23:25,973 ----------------------------------------------------------------------------------------------------
2019-04-12 09:23:26,005 EPOCH 3 done: loss 0.0213 - lr 0.1000 - bad epochs 0
2019-04-12 09:23:26,005 EPOCH 3 done: loss 0.0213 - lr 0.1000 - bad epochs 0
2019-04-12 09:23:26,005 EPOCH 3 done: loss 0.0213 - lr 0.1000 - bad epochs 0
2019-04-12 09:23:26,005 EPOCH 3 done: loss 0.0213 - lr 0.1000 - bad epochs 0
2019-04-12 09:25:45,917 DEV  : loss 0.02116418 - f-score 0.9177 - acc 0.8480
2019-04-12 09:25:45,917 DEV  : loss 0.02116418 - f-score 0.9177 - acc 0.8480
2019-04-12 09:25:45,917 DEV  : loss 0.02116418 - f-score 0.9177 - acc 0.8480
2019-04-12 09:25:45,917 DEV  : loss 0.02116418 - f-score 0.9177 - acc 0.8480
2019-04-12 09:42:00,672 TEST : loss 0.01903269 - f-score 0.9265 - acc 0.8632
2019-04-12 09:42:00,672 TEST : loss 0.01903269 - f-score 0.9265 - acc 0.8632
2019-04-12 09:42:00,672 TEST : loss 0.01903269 - f-score 0.9265 - acc 0.8632
2019-04-12 09:42:00,672 TEST : loss 0.01903269 - f-score 0.9265 - acc 0.8632
2019-04-12 09:42:06,072 ----------------------------------------------------------------------------------------------------
2019-04-12 09:42:06,072 ----------------------------------------------------------------------------------------------------
2019-04-12 09:42:06,072 ----------------------------------------------------------------------------------------------------
2019-04-12 09:42:06,072 ----------------------------------------------------------------------------------------------------
2019-04-12 09:42:08,821 epoch 4 - iter 0/3693 - loss 0.02146363
2019-04-12 09:42:08,821 epoch 4 - iter 0/3693 - loss 0.02146363
2019-04-12 09:42:08,821 epoch 4 - iter 0/3693 - loss 0.02146363
2019-04-12 09:42:08,821 epoch 4 - iter 0/3693 - loss 0.02146363
2019-04-12 09:55:29,791 epoch 4 - iter 369/3693 - loss 0.02187986
2019-04-12 09:55:29,791 epoch 4 - iter 369/3693 - loss 0.02187986
2019-04-12 09:55:29,791 epoch 4 - iter 369/3693 - loss 0.02187986
2019-04-12 09:55:29,791 epoch 4 - iter 369/3693 - loss 0.02187986
2019-04-12 10:08:00,339 epoch 4 - iter 738/3693 - loss 0.02090014
2019-04-12 10:08:00,339 epoch 4 - iter 738/3693 - loss 0.02090014
2019-04-12 10:08:00,339 epoch 4 - iter 738/3693 - loss 0.02090014
2019-04-12 10:08:00,339 epoch 4 - iter 738/3693 - loss 0.02090014
2019-04-12 10:20:39,646 epoch 4 - iter 1107/3693 - loss 0.02106469
2019-04-12 10:20:39,646 epoch 4 - iter 1107/3693 - loss 0.02106469
2019-04-12 10:20:39,646 epoch 4 - iter 1107/3693 - loss 0.02106469
2019-04-12 10:20:39,646 epoch 4 - iter 1107/3693 - loss 0.02106469
2019-04-12 10:33:38,634 epoch 4 - iter 1476/3693 - loss 0.02089186
2019-04-12 10:33:38,634 epoch 4 - iter 1476/3693 - loss 0.02089186
2019-04-12 10:33:38,634 epoch 4 - iter 1476/3693 - loss 0.02089186
2019-04-12 10:33:38,634 epoch 4 - iter 1476/3693 - loss 0.02089186
2019-04-12 10:46:18,494 epoch 4 - iter 1845/3693 - loss 0.02087701
2019-04-12 10:46:18,494 epoch 4 - iter 1845/3693 - loss 0.02087701
2019-04-12 10:46:18,494 epoch 4 - iter 1845/3693 - loss 0.02087701
2019-04-12 10:46:18,494 epoch 4 - iter 1845/3693 - loss 0.02087701
2019-04-12 10:59:22,205 epoch 4 - iter 2214/3693 - loss 0.02079481
2019-04-12 10:59:22,205 epoch 4 - iter 2214/3693 - loss 0.02079481
2019-04-12 10:59:22,205 epoch 4 - iter 2214/3693 - loss 0.02079481
2019-04-12 10:59:22,205 epoch 4 - iter 2214/3693 - loss 0.02079481
2019-04-12 11:12:21,132 epoch 4 - iter 2583/3693 - loss 0.02109852
2019-04-12 11:12:21,132 epoch 4 - iter 2583/3693 - loss 0.02109852
2019-04-12 11:12:21,132 epoch 4 - iter 2583/3693 - loss 0.02109852
2019-04-12 11:12:21,132 epoch 4 - iter 2583/3693 - loss 0.02109852
2019-04-12 11:25:08,087 epoch 4 - iter 2952/3693 - loss 0.02116002
2019-04-12 11:25:08,087 epoch 4 - iter 2952/3693 - loss 0.02116002
2019-04-12 11:25:08,087 epoch 4 - iter 2952/3693 - loss 0.02116002
2019-04-12 11:25:08,087 epoch 4 - iter 2952/3693 - loss 0.02116002
2019-04-12 11:38:13,822 epoch 4 - iter 3321/3693 - loss 0.02101821
2019-04-12 11:38:13,822 epoch 4 - iter 3321/3693 - loss 0.02101821
2019-04-12 11:38:13,822 epoch 4 - iter 3321/3693 - loss 0.02101821
2019-04-12 11:38:13,822 epoch 4 - iter 3321/3693 - loss 0.02101821
2019-04-12 11:52:00,838 epoch 4 - iter 3690/3693 - loss 0.02093391
2019-04-12 11:52:00,838 epoch 4 - iter 3690/3693 - loss 0.02093391
2019-04-12 11:52:00,838 epoch 4 - iter 3690/3693 - loss 0.02093391
2019-04-12 11:52:00,838 epoch 4 - iter 3690/3693 - loss 0.02093391
2019-04-12 11:52:04,859 ----------------------------------------------------------------------------------------------------
2019-04-12 11:52:04,859 ----------------------------------------------------------------------------------------------------
2019-04-12 11:52:04,859 ----------------------------------------------------------------------------------------------------
2019-04-12 11:52:04,859 ----------------------------------------------------------------------------------------------------
2019-04-12 11:52:04,914 EPOCH 4 done: loss 0.0209 - lr 0.1000 - bad epochs 0
2019-04-12 11:52:04,914 EPOCH 4 done: loss 0.0209 - lr 0.1000 - bad epochs 0
2019-04-12 11:52:04,914 EPOCH 4 done: loss 0.0209 - lr 0.1000 - bad epochs 0
2019-04-12 11:52:04,914 EPOCH 4 done: loss 0.0209 - lr 0.1000 - bad epochs 0
2019-04-12 11:54:43,144 DEV  : loss 0.02126906 - f-score 0.9192 - acc 0.8504
2019-04-12 11:54:43,144 DEV  : loss 0.02126906 - f-score 0.9192 - acc 0.8504
2019-04-12 11:54:43,144 DEV  : loss 0.02126906 - f-score 0.9192 - acc 0.8504
2019-04-12 11:54:43,144 DEV  : loss 0.02126906 - f-score 0.9192 - acc 0.8504
2019-04-12 12:13:01,862 TEST : loss 0.01888479 - f-score 0.9278 - acc 0.8654
2019-04-12 12:13:01,862 TEST : loss 0.01888479 - f-score 0.9278 - acc 0.8654
2019-04-12 12:13:01,862 TEST : loss 0.01888479 - f-score 0.9278 - acc 0.8654
2019-04-12 12:13:01,862 TEST : loss 0.01888479 - f-score 0.9278 - acc 0.8654
2019-04-12 12:13:08,108 ----------------------------------------------------------------------------------------------------
2019-04-12 12:13:08,108 ----------------------------------------------------------------------------------------------------
2019-04-12 12:13:08,108 ----------------------------------------------------------------------------------------------------
2019-04-12 12:13:08,108 ----------------------------------------------------------------------------------------------------
2019-04-12 12:13:10,122 epoch 5 - iter 0/3693 - loss 0.01208065
2019-04-12 12:13:10,122 epoch 5 - iter 0/3693 - loss 0.01208065
2019-04-12 12:13:10,122 epoch 5 - iter 0/3693 - loss 0.01208065
2019-04-12 12:13:10,122 epoch 5 - iter 0/3693 - loss 0.01208065
2019-04-12 12:27:10,874 epoch 5 - iter 369/3693 - loss 0.02110576
2019-04-12 12:27:10,874 epoch 5 - iter 369/3693 - loss 0.02110576
2019-04-12 12:27:10,874 epoch 5 - iter 369/3693 - loss 0.02110576
2019-04-12 12:27:10,874 epoch 5 - iter 369/3693 - loss 0.02110576
2019-04-12 12:40:49,253 epoch 5 - iter 738/3693 - loss 0.02076931
2019-04-12 12:40:49,253 epoch 5 - iter 738/3693 - loss 0.02076931
2019-04-12 12:40:49,253 epoch 5 - iter 738/3693 - loss 0.02076931
2019-04-12 12:40:49,253 epoch 5 - iter 738/3693 - loss 0.02076931
2019-04-12 12:54:43,574 epoch 5 - iter 1107/3693 - loss 0.02052017
2019-04-12 12:54:43,574 epoch 5 - iter 1107/3693 - loss 0.02052017
2019-04-12 12:54:43,574 epoch 5 - iter 1107/3693 - loss 0.02052017
2019-04-12 12:54:43,574 epoch 5 - iter 1107/3693 - loss 0.02052017
2019-04-12 13:07:18,504 epoch 5 - iter 1476/3693 - loss 0.02058142
2019-04-12 13:07:18,504 epoch 5 - iter 1476/3693 - loss 0.02058142
2019-04-12 13:07:18,504 epoch 5 - iter 1476/3693 - loss 0.02058142
2019-04-12 13:07:18,504 epoch 5 - iter 1476/3693 - loss 0.02058142
2019-04-12 13:20:20,185 epoch 5 - iter 1845/3693 - loss 0.02053319
2019-04-12 13:20:20,185 epoch 5 - iter 1845/3693 - loss 0.02053319
2019-04-12 13:20:20,185 epoch 5 - iter 1845/3693 - loss 0.02053319
2019-04-12 13:20:20,185 epoch 5 - iter 1845/3693 - loss 0.02053319
2019-04-12 13:33:48,085 epoch 5 - iter 2214/3693 - loss 0.02077262
2019-04-12 13:33:48,085 epoch 5 - iter 2214/3693 - loss 0.02077262
2019-04-12 13:33:48,085 epoch 5 - iter 2214/3693 - loss 0.02077262
2019-04-12 13:33:48,085 epoch 5 - iter 2214/3693 - loss 0.02077262
2019-04-12 13:46:49,816 epoch 5 - iter 2583/3693 - loss 0.02081996
2019-04-12 13:46:49,816 epoch 5 - iter 2583/3693 - loss 0.02081996
2019-04-12 13:46:49,816 epoch 5 - iter 2583/3693 - loss 0.02081996
2019-04-12 13:46:49,816 epoch 5 - iter 2583/3693 - loss 0.02081996
2019-04-12 14:00:06,466 epoch 5 - iter 2952/3693 - loss 0.02082426
2019-04-12 14:00:06,466 epoch 5 - iter 2952/3693 - loss 0.02082426
2019-04-12 14:00:06,466 epoch 5 - iter 2952/3693 - loss 0.02082426
2019-04-12 14:00:06,466 epoch 5 - iter 2952/3693 - loss 0.02082426
2019-04-12 14:12:56,526 epoch 5 - iter 3321/3693 - loss 0.02080250
2019-04-12 14:12:56,526 epoch 5 - iter 3321/3693 - loss 0.02080250
2019-04-12 14:12:56,526 epoch 5 - iter 3321/3693 - loss 0.02080250
2019-04-12 14:12:56,526 epoch 5 - iter 3321/3693 - loss 0.02080250
2019-04-12 14:25:59,313 epoch 5 - iter 3690/3693 - loss 0.02083880
2019-04-12 14:25:59,313 epoch 5 - iter 3690/3693 - loss 0.02083880
2019-04-12 14:25:59,313 epoch 5 - iter 3690/3693 - loss 0.02083880
2019-04-12 14:25:59,313 epoch 5 - iter 3690/3693 - loss 0.02083880
2019-04-12 14:26:02,784 ----------------------------------------------------------------------------------------------------
2019-04-12 14:26:02,784 ----------------------------------------------------------------------------------------------------
2019-04-12 14:26:02,784 ----------------------------------------------------------------------------------------------------
2019-04-12 14:26:02,784 ----------------------------------------------------------------------------------------------------
2019-04-12 14:26:02,830 EPOCH 5 done: loss 0.0209 - lr 0.1000 - bad epochs 0
2019-04-12 14:26:02,830 EPOCH 5 done: loss 0.0209 - lr 0.1000 - bad epochs 0
2019-04-12 14:26:02,830 EPOCH 5 done: loss 0.0209 - lr 0.1000 - bad epochs 0
2019-04-12 14:26:02,830 EPOCH 5 done: loss 0.0209 - lr 0.1000 - bad epochs 0
2019-04-12 14:28:29,617 DEV  : loss 0.02059210 - f-score 0.9208 - acc 0.8532
2019-04-12 14:28:29,617 DEV  : loss 0.02059210 - f-score 0.9208 - acc 0.8532
2019-04-12 14:28:29,617 DEV  : loss 0.02059210 - f-score 0.9208 - acc 0.8532
2019-04-12 14:28:29,617 DEV  : loss 0.02059210 - f-score 0.9208 - acc 0.8532
2019-04-12 14:46:01,314 TEST : loss 0.01867843 - f-score 0.9268 - acc 0.8638
2019-04-12 14:46:01,314 TEST : loss 0.01867843 - f-score 0.9268 - acc 0.8638
2019-04-12 14:46:01,314 TEST : loss 0.01867843 - f-score 0.9268 - acc 0.8638
2019-04-12 14:46:01,314 TEST : loss 0.01867843 - f-score 0.9268 - acc 0.8638
2019-04-12 14:46:09,456 ----------------------------------------------------------------------------------------------------
2019-04-12 14:46:09,456 ----------------------------------------------------------------------------------------------------
2019-04-12 14:46:09,456 ----------------------------------------------------------------------------------------------------
2019-04-12 14:46:09,456 ----------------------------------------------------------------------------------------------------
2019-04-12 14:46:09,492 Testing using best model ...
2019-04-12 14:46:09,492 Testing using best model ...
2019-04-12 14:46:09,492 Testing using best model ...
2019-04-12 14:46:09,492 Testing using best model ...
2019-04-12 14:46:09,580 loading file FLAIR_data\BERT\best-model.pt
2019-04-12 14:46:09,580 loading file FLAIR_data\BERT\best-model.pt
2019-04-12 14:46:09,580 loading file FLAIR_data\BERT\best-model.pt
2019-04-12 14:46:09,580 loading file FLAIR_data\BERT\best-model.pt
2019-04-12 15:02:42,714 MICRO_AVG: acc 0.8638 - f1-score 0.9268
2019-04-12 15:02:42,714 MICRO_AVG: acc 0.8638 - f1-score 0.9268
2019-04-12 15:02:42,714 MICRO_AVG: acc 0.8638 - f1-score 0.9268
2019-04-12 15:02:42,714 MICRO_AVG: acc 0.8638 - f1-score 0.9268
2019-04-12 15:02:42,765 MACRO_AVG: acc 0.1464 - f1-score 0.2108608695652174
2019-04-12 15:02:42,765 MACRO_AVG: acc 0.1464 - f1-score 0.2108608695652174
2019-04-12 15:02:42,765 MACRO_AVG: acc 0.1464 - f1-score 0.2108608695652174
2019-04-12 15:02:42,765 MACRO_AVG: acc 0.1464 - f1-score 0.2108608695652174
2019-04-12 15:02:42,798 Other      tp: 38057 - fp: 1546 - fn: 318 - tn: 3025 - precision: 0.9610 - recall: 0.9917 - accuracy: 0.9533 - f1-score: 0.9761
2019-04-12 15:02:42,798 Other      tp: 38057 - fp: 1546 - fn: 318 - tn: 3025 - precision: 0.9610 - recall: 0.9917 - accuracy: 0.9533 - f1-score: 0.9761
2019-04-12 15:02:42,798 Other      tp: 38057 - fp: 1546 - fn: 318 - tn: 3025 - precision: 0.9610 - recall: 0.9917 - accuracy: 0.9533 - f1-score: 0.9761
2019-04-12 15:02:42,798 Other      tp: 38057 - fp: 1546 - fn: 318 - tn: 3025 - precision: 0.9610 - recall: 0.9917 - accuracy: 0.9533 - f1-score: 0.9761
2019-04-12 15:02:42,843 cad.event.before_dct tp: 38 - fp: 35 - fn: 122 - tn: 42751 - precision: 0.5205 - recall: 0.2375 - accuracy: 0.1949 - f1-score: 0.3262
2019-04-12 15:02:42,843 cad.event.before_dct tp: 38 - fp: 35 - fn: 122 - tn: 42751 - precision: 0.5205 - recall: 0.2375 - accuracy: 0.1949 - f1-score: 0.3262
2019-04-12 15:02:42,843 cad.event.before_dct tp: 38 - fp: 35 - fn: 122 - tn: 42751 - precision: 0.5205 - recall: 0.2375 - accuracy: 0.1949 - f1-score: 0.3262
2019-04-12 15:02:42,843 cad.event.before_dct tp: 38 - fp: 35 - fn: 122 - tn: 42751 - precision: 0.5205 - recall: 0.2375 - accuracy: 0.1949 - f1-score: 0.3262
2019-04-12 15:02:42,898 cad.event.during_dct tp: 0 - fp: 0 - fn: 13 - tn: 42933 - precision: 0.0000 - recall: 0.0000 - accuracy: 0.0000 - f1-score: 0.0000
2019-04-12 15:02:42,898 cad.event.during_dct tp: 0 - fp: 0 - fn: 13 - tn: 42933 - precision: 0.0000 - recall: 0.0000 - accuracy: 0.0000 - f1-score: 0.0000
2019-04-12 15:02:42,898 cad.event.during_dct tp: 0 - fp: 0 - fn: 13 - tn: 42933 - precision: 0.0000 - recall: 0.0000 - accuracy: 0.0000 - f1-score: 0.0000
2019-04-12 15:02:42,898 cad.event.during_dct tp: 0 - fp: 0 - fn: 13 - tn: 42933 - precision: 0.0000 - recall: 0.0000 - accuracy: 0.0000 - f1-score: 0.0000
2019-04-12 15:02:42,937 cad.mention.after_dct tp: 80 - fp: 54 - fn: 26 - tn: 42786 - precision: 0.5970 - recall: 0.7547 - accuracy: 0.5000 - f1-score: 0.6667
2019-04-12 15:02:42,937 cad.mention.after_dct tp: 80 - fp: 54 - fn: 26 - tn: 42786 - precision: 0.5970 - recall: 0.7547 - accuracy: 0.5000 - f1-score: 0.6667
2019-04-12 15:02:42,937 cad.mention.after_dct tp: 80 - fp: 54 - fn: 26 - tn: 42786 - precision: 0.5970 - recall: 0.7547 - accuracy: 0.5000 - f1-score: 0.6667
2019-04-12 15:02:42,937 cad.mention.after_dct tp: 80 - fp: 54 - fn: 26 - tn: 42786 - precision: 0.5970 - recall: 0.7547 - accuracy: 0.5000 - f1-score: 0.6667
2019-04-12 15:02:42,961 cad.mention.before_dct tp: 0 - fp: 0 - fn: 31 - tn: 42915 - precision: 0.0000 - recall: 0.0000 - accuracy: 0.0000 - f1-score: 0.0000
2019-04-12 15:02:42,961 cad.mention.before_dct tp: 0 - fp: 0 - fn: 31 - tn: 42915 - precision: 0.0000 - recall: 0.0000 - accuracy: 0.0000 - f1-score: 0.0000
2019-04-12 15:02:42,961 cad.mention.before_dct tp: 0 - fp: 0 - fn: 31 - tn: 42915 - precision: 0.0000 - recall: 0.0000 - accuracy: 0.0000 - f1-score: 0.0000
2019-04-12 15:02:42,961 cad.mention.before_dct tp: 0 - fp: 0 - fn: 31 - tn: 42915 - precision: 0.0000 - recall: 0.0000 - accuracy: 0.0000 - f1-score: 0.0000
2019-04-12 15:02:42,998 cad.mention.during_dct tp: 1 - fp: 1 - fn: 45 - tn: 42899 - precision: 0.5000 - recall: 0.0217 - accuracy: 0.0213 - f1-score: 0.0416
2019-04-12 15:02:42,998 cad.mention.during_dct tp: 1 - fp: 1 - fn: 45 - tn: 42899 - precision: 0.5000 - recall: 0.0217 - accuracy: 0.0213 - f1-score: 0.0416
2019-04-12 15:02:42,998 cad.mention.during_dct tp: 1 - fp: 1 - fn: 45 - tn: 42899 - precision: 0.5000 - recall: 0.0217 - accuracy: 0.0213 - f1-score: 0.0416
2019-04-12 15:02:42,998 cad.mention.during_dct tp: 1 - fp: 1 - fn: 45 - tn: 42899 - precision: 0.5000 - recall: 0.0217 - accuracy: 0.0213 - f1-score: 0.0416
2019-04-12 15:02:43,013 cad.symptom.after_dct tp: 0 - fp: 0 - fn: 1 - tn: 42945 - precision: 0.0000 - recall: 0.0000 - accuracy: 0.0000 - f1-score: 0.0000
2019-04-12 15:02:43,013 cad.symptom.after_dct tp: 0 - fp: 0 - fn: 1 - tn: 42945 - precision: 0.0000 - recall: 0.0000 - accuracy: 0.0000 - f1-score: 0.0000
2019-04-12 15:02:43,013 cad.symptom.after_dct tp: 0 - fp: 0 - fn: 1 - tn: 42945 - precision: 0.0000 - recall: 0.0000 - accuracy: 0.0000 - f1-score: 0.0000
2019-04-12 15:02:43,013 cad.symptom.after_dct tp: 0 - fp: 0 - fn: 1 - tn: 42945 - precision: 0.0000 - recall: 0.0000 - accuracy: 0.0000 - f1-score: 0.0000
2019-04-12 15:02:43,042 cad.symptom.before_dct tp: 1 - fp: 3 - fn: 42 - tn: 42900 - precision: 0.2500 - recall: 0.0233 - accuracy: 0.0217 - f1-score: 0.0426
2019-04-12 15:02:43,042 cad.symptom.before_dct tp: 1 - fp: 3 - fn: 42 - tn: 42900 - precision: 0.2500 - recall: 0.0233 - accuracy: 0.0217 - f1-score: 0.0426
2019-04-12 15:02:43,042 cad.symptom.before_dct tp: 1 - fp: 3 - fn: 42 - tn: 42900 - precision: 0.2500 - recall: 0.0233 - accuracy: 0.0217 - f1-score: 0.0426
2019-04-12 15:02:43,042 cad.symptom.before_dct tp: 1 - fp: 3 - fn: 42 - tn: 42900 - precision: 0.2500 - recall: 0.0233 - accuracy: 0.0217 - f1-score: 0.0426
2019-04-12 15:02:43,103 cad.symptom.during_dct tp: 0 - fp: 0 - fn: 21 - tn: 42925 - precision: 0.0000 - recall: 0.0000 - accuracy: 0.0000 - f1-score: 0.0000
2019-04-12 15:02:43,103 cad.symptom.during_dct tp: 0 - fp: 0 - fn: 21 - tn: 42925 - precision: 0.0000 - recall: 0.0000 - accuracy: 0.0000 - f1-score: 0.0000
2019-04-12 15:02:43,103 cad.symptom.during_dct tp: 0 - fp: 0 - fn: 21 - tn: 42925 - precision: 0.0000 - recall: 0.0000 - accuracy: 0.0000 - f1-score: 0.0000
2019-04-12 15:02:43,103 cad.symptom.during_dct tp: 0 - fp: 0 - fn: 21 - tn: 42925 - precision: 0.0000 - recall: 0.0000 - accuracy: 0.0000 - f1-score: 0.0000
2019-04-12 15:02:43,138 cad.test.before_dct tp: 0 - fp: 0 - fn: 24 - tn: 42922 - precision: 0.0000 - recall: 0.0000 - accuracy: 0.0000 - f1-score: 0.0000
2019-04-12 15:02:43,138 cad.test.before_dct tp: 0 - fp: 0 - fn: 24 - tn: 42922 - precision: 0.0000 - recall: 0.0000 - accuracy: 0.0000 - f1-score: 0.0000
2019-04-12 15:02:43,138 cad.test.before_dct tp: 0 - fp: 0 - fn: 24 - tn: 42922 - precision: 0.0000 - recall: 0.0000 - accuracy: 0.0000 - f1-score: 0.0000
2019-04-12 15:02:43,138 cad.test.before_dct tp: 0 - fp: 0 - fn: 24 - tn: 42922 - precision: 0.0000 - recall: 0.0000 - accuracy: 0.0000 - f1-score: 0.0000
2019-04-12 15:02:43,165 cad.test.during_dct tp: 0 - fp: 0 - fn: 1 - tn: 42945 - precision: 0.0000 - recall: 0.0000 - accuracy: 0.0000 - f1-score: 0.0000
2019-04-12 15:02:43,165 cad.test.during_dct tp: 0 - fp: 0 - fn: 1 - tn: 42945 - precision: 0.0000 - recall: 0.0000 - accuracy: 0.0000 - f1-score: 0.0000
2019-04-12 15:02:43,165 cad.test.during_dct tp: 0 - fp: 0 - fn: 1 - tn: 42945 - precision: 0.0000 - recall: 0.0000 - accuracy: 0.0000 - f1-score: 0.0000
2019-04-12 15:02:43,165 cad.test.during_dct tp: 0 - fp: 0 - fn: 1 - tn: 42945 - precision: 0.0000 - recall: 0.0000 - accuracy: 0.0000 - f1-score: 0.0000
2019-04-12 15:02:43,206 diabetes.a1c.before_dct tp: 5 - fp: 6 - fn: 54 - tn: 42881 - precision: 0.4545 - recall: 0.0847 - accuracy: 0.0769 - f1-score: 0.1428
2019-04-12 15:02:43,206 diabetes.a1c.before_dct tp: 5 - fp: 6 - fn: 54 - tn: 42881 - precision: 0.4545 - recall: 0.0847 - accuracy: 0.0769 - f1-score: 0.1428
2019-04-12 15:02:43,206 diabetes.a1c.before_dct tp: 5 - fp: 6 - fn: 54 - tn: 42881 - precision: 0.4545 - recall: 0.0847 - accuracy: 0.0769 - f1-score: 0.1428
2019-04-12 15:02:43,206 diabetes.a1c.before_dct tp: 5 - fp: 6 - fn: 54 - tn: 42881 - precision: 0.4545 - recall: 0.0847 - accuracy: 0.0769 - f1-score: 0.1428
2019-04-12 15:02:43,233 diabetes.a1c.during_dct tp: 0 - fp: 0 - fn: 5 - tn: 42941 - precision: 0.0000 - recall: 0.0000 - accuracy: 0.0000 - f1-score: 0.0000
2019-04-12 15:02:43,233 diabetes.a1c.during_dct tp: 0 - fp: 0 - fn: 5 - tn: 42941 - precision: 0.0000 - recall: 0.0000 - accuracy: 0.0000 - f1-score: 0.0000
2019-04-12 15:02:43,233 diabetes.a1c.during_dct tp: 0 - fp: 0 - fn: 5 - tn: 42941 - precision: 0.0000 - recall: 0.0000 - accuracy: 0.0000 - f1-score: 0.0000
2019-04-12 15:02:43,233 diabetes.a1c.during_dct tp: 0 - fp: 0 - fn: 5 - tn: 42941 - precision: 0.0000 - recall: 0.0000 - accuracy: 0.0000 - f1-score: 0.0000
2019-04-12 15:02:43,261 diabetes.glucose.before_dct tp: 0 - fp: 0 - fn: 18 - tn: 42928 - precision: 0.0000 - recall: 0.0000 - accuracy: 0.0000 - f1-score: 0.0000
2019-04-12 15:02:43,261 diabetes.glucose.before_dct tp: 0 - fp: 0 - fn: 18 - tn: 42928 - precision: 0.0000 - recall: 0.0000 - accuracy: 0.0000 - f1-score: 0.0000
2019-04-12 15:02:43,261 diabetes.glucose.before_dct tp: 0 - fp: 0 - fn: 18 - tn: 42928 - precision: 0.0000 - recall: 0.0000 - accuracy: 0.0000 - f1-score: 0.0000
2019-04-12 15:02:43,261 diabetes.glucose.before_dct tp: 0 - fp: 0 - fn: 18 - tn: 42928 - precision: 0.0000 - recall: 0.0000 - accuracy: 0.0000 - f1-score: 0.0000
2019-04-12 15:02:43,309 diabetes.glucose.during_dct tp: 0 - fp: 0 - fn: 11 - tn: 42935 - precision: 0.0000 - recall: 0.0000 - accuracy: 0.0000 - f1-score: 0.0000
2019-04-12 15:02:43,309 diabetes.glucose.during_dct tp: 0 - fp: 0 - fn: 11 - tn: 42935 - precision: 0.0000 - recall: 0.0000 - accuracy: 0.0000 - f1-score: 0.0000
2019-04-12 15:02:43,309 diabetes.glucose.during_dct tp: 0 - fp: 0 - fn: 11 - tn: 42935 - precision: 0.0000 - recall: 0.0000 - accuracy: 0.0000 - f1-score: 0.0000
2019-04-12 15:02:43,309 diabetes.glucose.during_dct tp: 0 - fp: 0 - fn: 11 - tn: 42935 - precision: 0.0000 - recall: 0.0000 - accuracy: 0.0000 - f1-score: 0.0000
2019-04-12 15:02:43,327 diabetes.mention.after_dct tp: 2 - fp: 11 - fn: 98 - tn: 42835 - precision: 0.1538 - recall: 0.0200 - accuracy: 0.0180 - f1-score: 0.0354
2019-04-12 15:02:43,327 diabetes.mention.after_dct tp: 2 - fp: 11 - fn: 98 - tn: 42835 - precision: 0.1538 - recall: 0.0200 - accuracy: 0.0180 - f1-score: 0.0354
2019-04-12 15:02:43,327 diabetes.mention.after_dct tp: 2 - fp: 11 - fn: 98 - tn: 42835 - precision: 0.1538 - recall: 0.0200 - accuracy: 0.0180 - f1-score: 0.0354
2019-04-12 15:02:43,327 diabetes.mention.after_dct tp: 2 - fp: 11 - fn: 98 - tn: 42835 - precision: 0.1538 - recall: 0.0200 - accuracy: 0.0180 - f1-score: 0.0354
2019-04-12 15:02:43,349 diabetes.mention.before_dct tp: 39 - fp: 20 - fn: 162 - tn: 42725 - precision: 0.6610 - recall: 0.1940 - accuracy: 0.1765 - f1-score: 0.3000
2019-04-12 15:02:43,349 diabetes.mention.before_dct tp: 39 - fp: 20 - fn: 162 - tn: 42725 - precision: 0.6610 - recall: 0.1940 - accuracy: 0.1765 - f1-score: 0.3000
2019-04-12 15:02:43,349 diabetes.mention.before_dct tp: 39 - fp: 20 - fn: 162 - tn: 42725 - precision: 0.6610 - recall: 0.1940 - accuracy: 0.1765 - f1-score: 0.3000
2019-04-12 15:02:43,349 diabetes.mention.before_dct tp: 39 - fp: 20 - fn: 162 - tn: 42725 - precision: 0.6610 - recall: 0.1940 - accuracy: 0.1765 - f1-score: 0.3000
2019-04-12 15:02:43,377 diabetes.mention.during_dct tp: 159 - fp: 252 - fn: 29 - tn: 42506 - precision: 0.3869 - recall: 0.8457 - accuracy: 0.3614 - f1-score: 0.5309
2019-04-12 15:02:43,377 diabetes.mention.during_dct tp: 159 - fp: 252 - fn: 29 - tn: 42506 - precision: 0.3869 - recall: 0.8457 - accuracy: 0.3614 - f1-score: 0.5309
2019-04-12 15:02:43,377 diabetes.mention.during_dct tp: 159 - fp: 252 - fn: 29 - tn: 42506 - precision: 0.3869 - recall: 0.8457 - accuracy: 0.3614 - f1-score: 0.5309
2019-04-12 15:02:43,377 diabetes.mention.during_dct tp: 159 - fp: 252 - fn: 29 - tn: 42506 - precision: 0.3869 - recall: 0.8457 - accuracy: 0.3614 - f1-score: 0.5309
2019-04-12 15:02:43,386 family_hist.present tp: 0 - fp: 0 - fn: 13 - tn: 42933 - precision: 0.0000 - recall: 0.0000 - accuracy: 0.0000 - f1-score: 0.0000
2019-04-12 15:02:43,386 family_hist.present tp: 0 - fp: 0 - fn: 13 - tn: 42933 - precision: 0.0000 - recall: 0.0000 - accuracy: 0.0000 - f1-score: 0.0000
2019-04-12 15:02:43,386 family_hist.present tp: 0 - fp: 0 - fn: 13 - tn: 42933 - precision: 0.0000 - recall: 0.0000 - accuracy: 0.0000 - f1-score: 0.0000
2019-04-12 15:02:43,386 family_hist.present tp: 0 - fp: 0 - fn: 13 - tn: 42933 - precision: 0.0000 - recall: 0.0000 - accuracy: 0.0000 - f1-score: 0.0000
2019-04-12 15:02:43,408 hyperlipidemia.high_chol..before_dct tp: 0 - fp: 0 - fn: 6 - tn: 42940 - precision: 0.0000 - recall: 0.0000 - accuracy: 0.0000 - f1-score: 0.0000
2019-04-12 15:02:43,408 hyperlipidemia.high_chol..before_dct tp: 0 - fp: 0 - fn: 6 - tn: 42940 - precision: 0.0000 - recall: 0.0000 - accuracy: 0.0000 - f1-score: 0.0000
2019-04-12 15:02:43,408 hyperlipidemia.high_chol..before_dct tp: 0 - fp: 0 - fn: 6 - tn: 42940 - precision: 0.0000 - recall: 0.0000 - accuracy: 0.0000 - f1-score: 0.0000
2019-04-12 15:02:43,408 hyperlipidemia.high_chol..before_dct tp: 0 - fp: 0 - fn: 6 - tn: 42940 - precision: 0.0000 - recall: 0.0000 - accuracy: 0.0000 - f1-score: 0.0000
2019-04-12 15:02:43,432 hyperlipidemia.high_ldl.before_dct tp: 0 - fp: 0 - fn: 21 - tn: 42925 - precision: 0.0000 - recall: 0.0000 - accuracy: 0.0000 - f1-score: 0.0000
2019-04-12 15:02:43,432 hyperlipidemia.high_ldl.before_dct tp: 0 - fp: 0 - fn: 21 - tn: 42925 - precision: 0.0000 - recall: 0.0000 - accuracy: 0.0000 - f1-score: 0.0000
2019-04-12 15:02:43,432 hyperlipidemia.high_ldl.before_dct tp: 0 - fp: 0 - fn: 21 - tn: 42925 - precision: 0.0000 - recall: 0.0000 - accuracy: 0.0000 - f1-score: 0.0000
2019-04-12 15:02:43,432 hyperlipidemia.high_ldl.before_dct tp: 0 - fp: 0 - fn: 21 - tn: 42925 - precision: 0.0000 - recall: 0.0000 - accuracy: 0.0000 - f1-score: 0.0000
2019-04-12 15:02:43,438 hyperlipidemia.high_ldl.during_dct tp: 0 - fp: 0 - fn: 3 - tn: 42943 - precision: 0.0000 - recall: 0.0000 - accuracy: 0.0000 - f1-score: 0.0000
2019-04-12 15:02:43,438 hyperlipidemia.high_ldl.during_dct tp: 0 - fp: 0 - fn: 3 - tn: 42943 - precision: 0.0000 - recall: 0.0000 - accuracy: 0.0000 - f1-score: 0.0000
2019-04-12 15:02:43,438 hyperlipidemia.high_ldl.during_dct tp: 0 - fp: 0 - fn: 3 - tn: 42943 - precision: 0.0000 - recall: 0.0000 - accuracy: 0.0000 - f1-score: 0.0000
2019-04-12 15:02:43,438 hyperlipidemia.high_ldl.during_dct tp: 0 - fp: 0 - fn: 3 - tn: 42943 - precision: 0.0000 - recall: 0.0000 - accuracy: 0.0000 - f1-score: 0.0000
2019-04-12 15:02:43,452 hyperlipidemia.mention.after_dct tp: 69 - fp: 19 - fn: 28 - tn: 42830 - precision: 0.7841 - recall: 0.7113 - accuracy: 0.5948 - f1-score: 0.7459
2019-04-12 15:02:43,452 hyperlipidemia.mention.after_dct tp: 69 - fp: 19 - fn: 28 - tn: 42830 - precision: 0.7841 - recall: 0.7113 - accuracy: 0.5948 - f1-score: 0.7459
2019-04-12 15:02:43,452 hyperlipidemia.mention.after_dct tp: 69 - fp: 19 - fn: 28 - tn: 42830 - precision: 0.7841 - recall: 0.7113 - accuracy: 0.5948 - f1-score: 0.7459
2019-04-12 15:02:43,452 hyperlipidemia.mention.after_dct tp: 69 - fp: 19 - fn: 28 - tn: 42830 - precision: 0.7841 - recall: 0.7113 - accuracy: 0.5948 - f1-score: 0.7459
2019-04-12 15:02:43,481 hyperlipidemia.mention.before_dct tp: 38 - fp: 41 - fn: 42 - tn: 42825 - precision: 0.4810 - recall: 0.4750 - accuracy: 0.3140 - f1-score: 0.4780
2019-04-12 15:02:43,481 hyperlipidemia.mention.before_dct tp: 38 - fp: 41 - fn: 42 - tn: 42825 - precision: 0.4810 - recall: 0.4750 - accuracy: 0.3140 - f1-score: 0.4780
2019-04-12 15:02:43,481 hyperlipidemia.mention.before_dct tp: 38 - fp: 41 - fn: 42 - tn: 42825 - precision: 0.4810 - recall: 0.4750 - accuracy: 0.3140 - f1-score: 0.4780
2019-04-12 15:02:43,481 hyperlipidemia.mention.before_dct tp: 38 - fp: 41 - fn: 42 - tn: 42825 - precision: 0.4810 - recall: 0.4750 - accuracy: 0.3140 - f1-score: 0.4780
2019-04-12 15:02:43,497 hyperlipidemia.mention.during_dct tp: 0 - fp: 0 - fn: 23 - tn: 42923 - precision: 0.0000 - recall: 0.0000 - accuracy: 0.0000 - f1-score: 0.0000
2019-04-12 15:02:43,497 hyperlipidemia.mention.during_dct tp: 0 - fp: 0 - fn: 23 - tn: 42923 - precision: 0.0000 - recall: 0.0000 - accuracy: 0.0000 - f1-score: 0.0000
2019-04-12 15:02:43,497 hyperlipidemia.mention.during_dct tp: 0 - fp: 0 - fn: 23 - tn: 42923 - precision: 0.0000 - recall: 0.0000 - accuracy: 0.0000 - f1-score: 0.0000
2019-04-12 15:02:43,497 hyperlipidemia.mention.during_dct tp: 0 - fp: 0 - fn: 23 - tn: 42923 - precision: 0.0000 - recall: 0.0000 - accuracy: 0.0000 - f1-score: 0.0000
2019-04-12 15:02:43,537 hypertension.high_bp.before_dct tp: 0 - fp: 0 - fn: 10 - tn: 42936 - precision: 0.0000 - recall: 0.0000 - accuracy: 0.0000 - f1-score: 0.0000
2019-04-12 15:02:43,537 hypertension.high_bp.before_dct tp: 0 - fp: 0 - fn: 10 - tn: 42936 - precision: 0.0000 - recall: 0.0000 - accuracy: 0.0000 - f1-score: 0.0000
2019-04-12 15:02:43,537 hypertension.high_bp.before_dct tp: 0 - fp: 0 - fn: 10 - tn: 42936 - precision: 0.0000 - recall: 0.0000 - accuracy: 0.0000 - f1-score: 0.0000
2019-04-12 15:02:43,537 hypertension.high_bp.before_dct tp: 0 - fp: 0 - fn: 10 - tn: 42936 - precision: 0.0000 - recall: 0.0000 - accuracy: 0.0000 - f1-score: 0.0000
2019-04-12 15:02:43,562 hypertension.high_bp.during_dct tp: 147 - fp: 32 - fn: 29 - tn: 42738 - precision: 0.8212 - recall: 0.8352 - accuracy: 0.7067 - f1-score: 0.8281
2019-04-12 15:02:43,562 hypertension.high_bp.during_dct tp: 147 - fp: 32 - fn: 29 - tn: 42738 - precision: 0.8212 - recall: 0.8352 - accuracy: 0.7067 - f1-score: 0.8281
2019-04-12 15:02:43,562 hypertension.high_bp.during_dct tp: 147 - fp: 32 - fn: 29 - tn: 42738 - precision: 0.8212 - recall: 0.8352 - accuracy: 0.7067 - f1-score: 0.8281
2019-04-12 15:02:43,562 hypertension.high_bp.during_dct tp: 147 - fp: 32 - fn: 29 - tn: 42738 - precision: 0.8212 - recall: 0.8352 - accuracy: 0.7067 - f1-score: 0.8281
2019-04-12 15:02:43,577 hypertension.mention.after_dct tp: 64 - fp: 47 - fn: 52 - tn: 42783 - precision: 0.5766 - recall: 0.5517 - accuracy: 0.3926 - f1-score: 0.5639
2019-04-12 15:02:43,577 hypertension.mention.after_dct tp: 64 - fp: 47 - fn: 52 - tn: 42783 - precision: 0.5766 - recall: 0.5517 - accuracy: 0.3926 - f1-score: 0.5639
2019-04-12 15:02:43,577 hypertension.mention.after_dct tp: 64 - fp: 47 - fn: 52 - tn: 42783 - precision: 0.5766 - recall: 0.5517 - accuracy: 0.3926 - f1-score: 0.5639
2019-04-12 15:02:43,577 hypertension.mention.after_dct tp: 64 - fp: 47 - fn: 52 - tn: 42783 - precision: 0.5766 - recall: 0.5517 - accuracy: 0.3926 - f1-score: 0.5639
2019-04-12 15:02:43,619 hypertension.mention.before_dct tp: 28 - fp: 152 - fn: 15 - tn: 42751 - precision: 0.1556 - recall: 0.6512 - accuracy: 0.1436 - f1-score: 0.2512
2019-04-12 15:02:43,619 hypertension.mention.before_dct tp: 28 - fp: 152 - fn: 15 - tn: 42751 - precision: 0.1556 - recall: 0.6512 - accuracy: 0.1436 - f1-score: 0.2512
2019-04-12 15:02:43,619 hypertension.mention.before_dct tp: 28 - fp: 152 - fn: 15 - tn: 42751 - precision: 0.1556 - recall: 0.6512 - accuracy: 0.1436 - f1-score: 0.2512
2019-04-12 15:02:43,619 hypertension.mention.before_dct tp: 28 - fp: 152 - fn: 15 - tn: 42751 - precision: 0.1556 - recall: 0.6512 - accuracy: 0.1436 - f1-score: 0.2512
2019-04-12 15:02:43,643 hypertension.mention.during_dct tp: 163 - fp: 27 - fn: 156 - tn: 42600 - precision: 0.8579 - recall: 0.5110 - accuracy: 0.4711 - f1-score: 0.6405
2019-04-12 15:02:43,643 hypertension.mention.during_dct tp: 163 - fp: 27 - fn: 156 - tn: 42600 - precision: 0.8579 - recall: 0.5110 - accuracy: 0.4711 - f1-score: 0.6405
2019-04-12 15:02:43,643 hypertension.mention.during_dct tp: 163 - fp: 27 - fn: 156 - tn: 42600 - precision: 0.8579 - recall: 0.5110 - accuracy: 0.4711 - f1-score: 0.6405
2019-04-12 15:02:43,643 hypertension.mention.during_dct tp: 163 - fp: 27 - fn: 156 - tn: 42600 - precision: 0.8579 - recall: 0.5110 - accuracy: 0.4711 - f1-score: 0.6405
2019-04-12 15:02:43,659 medication.ace_inhibitor..after_dct tp: 68 - fp: 49 - fn: 45 - tn: 42784 - precision: 0.5812 - recall: 0.6018 - accuracy: 0.4198 - f1-score: 0.5913
2019-04-12 15:02:43,659 medication.ace_inhibitor..after_dct tp: 68 - fp: 49 - fn: 45 - tn: 42784 - precision: 0.5812 - recall: 0.6018 - accuracy: 0.4198 - f1-score: 0.5913
2019-04-12 15:02:43,659 medication.ace_inhibitor..after_dct tp: 68 - fp: 49 - fn: 45 - tn: 42784 - precision: 0.5812 - recall: 0.6018 - accuracy: 0.4198 - f1-score: 0.5913
2019-04-12 15:02:43,659 medication.ace_inhibitor..after_dct tp: 68 - fp: 49 - fn: 45 - tn: 42784 - precision: 0.5812 - recall: 0.6018 - accuracy: 0.4198 - f1-score: 0.5913
2019-04-12 15:02:43,675 medication.ace_inhibitor..before_dct tp: 0 - fp: 0 - fn: 62 - tn: 42884 - precision: 0.0000 - recall: 0.0000 - accuracy: 0.0000 - f1-score: 0.0000
2019-04-12 15:02:43,675 medication.ace_inhibitor..before_dct tp: 0 - fp: 0 - fn: 62 - tn: 42884 - precision: 0.0000 - recall: 0.0000 - accuracy: 0.0000 - f1-score: 0.0000
2019-04-12 15:02:43,675 medication.ace_inhibitor..before_dct tp: 0 - fp: 0 - fn: 62 - tn: 42884 - precision: 0.0000 - recall: 0.0000 - accuracy: 0.0000 - f1-score: 0.0000
2019-04-12 15:02:43,675 medication.ace_inhibitor..before_dct tp: 0 - fp: 0 - fn: 62 - tn: 42884 - precision: 0.0000 - recall: 0.0000 - accuracy: 0.0000 - f1-score: 0.0000
2019-04-12 15:02:43,691 medication.ace_inhibitor..during_dct tp: 14 - fp: 43 - fn: 13 - tn: 42876 - precision: 0.2456 - recall: 0.5185 - accuracy: 0.2000 - f1-score: 0.3333
2019-04-12 15:02:43,691 medication.ace_inhibitor..during_dct tp: 14 - fp: 43 - fn: 13 - tn: 42876 - precision: 0.2456 - recall: 0.5185 - accuracy: 0.2000 - f1-score: 0.3333
2019-04-12 15:02:43,691 medication.ace_inhibitor..during_dct tp: 14 - fp: 43 - fn: 13 - tn: 42876 - precision: 0.2456 - recall: 0.5185 - accuracy: 0.2000 - f1-score: 0.3333
2019-04-12 15:02:43,691 medication.ace_inhibitor..during_dct tp: 14 - fp: 43 - fn: 13 - tn: 42876 - precision: 0.2456 - recall: 0.5185 - accuracy: 0.2000 - f1-score: 0.3333
2019-04-12 15:02:43,736 medication.ace_inhibitor.diuretic.before_dct tp: 0 - fp: 0 - fn: 1 - tn: 42945 - precision: 0.0000 - recall: 0.0000 - accuracy: 0.0000 - f1-score: 0.0000
2019-04-12 15:02:43,736 medication.ace_inhibitor.diuretic.before_dct tp: 0 - fp: 0 - fn: 1 - tn: 42945 - precision: 0.0000 - recall: 0.0000 - accuracy: 0.0000 - f1-score: 0.0000
2019-04-12 15:02:43,736 medication.ace_inhibitor.diuretic.before_dct tp: 0 - fp: 0 - fn: 1 - tn: 42945 - precision: 0.0000 - recall: 0.0000 - accuracy: 0.0000 - f1-score: 0.0000
2019-04-12 15:02:43,736 medication.ace_inhibitor.diuretic.before_dct tp: 0 - fp: 0 - fn: 1 - tn: 42945 - precision: 0.0000 - recall: 0.0000 - accuracy: 0.0000 - f1-score: 0.0000
2019-04-12 15:02:43,759 medication.arb..after_dct tp: 3 - fp: 4 - fn: 14 - tn: 42925 - precision: 0.4286 - recall: 0.1765 - accuracy: 0.1429 - f1-score: 0.2500
2019-04-12 15:02:43,759 medication.arb..after_dct tp: 3 - fp: 4 - fn: 14 - tn: 42925 - precision: 0.4286 - recall: 0.1765 - accuracy: 0.1429 - f1-score: 0.2500
2019-04-12 15:02:43,759 medication.arb..after_dct tp: 3 - fp: 4 - fn: 14 - tn: 42925 - precision: 0.4286 - recall: 0.1765 - accuracy: 0.1429 - f1-score: 0.2500
2019-04-12 15:02:43,759 medication.arb..after_dct tp: 3 - fp: 4 - fn: 14 - tn: 42925 - precision: 0.4286 - recall: 0.1765 - accuracy: 0.1429 - f1-score: 0.2500
2019-04-12 15:02:43,772 medication.arb..before_dct tp: 5 - fp: 0 - fn: 16 - tn: 42925 - precision: 1.0000 - recall: 0.2381 - accuracy: 0.2381 - f1-score: 0.3846
2019-04-12 15:02:43,772 medication.arb..before_dct tp: 5 - fp: 0 - fn: 16 - tn: 42925 - precision: 1.0000 - recall: 0.2381 - accuracy: 0.2381 - f1-score: 0.3846
2019-04-12 15:02:43,772 medication.arb..before_dct tp: 5 - fp: 0 - fn: 16 - tn: 42925 - precision: 1.0000 - recall: 0.2381 - accuracy: 0.2381 - f1-score: 0.3846
2019-04-12 15:02:43,772 medication.arb..before_dct tp: 5 - fp: 0 - fn: 16 - tn: 42925 - precision: 1.0000 - recall: 0.2381 - accuracy: 0.2381 - f1-score: 0.3846
2019-04-12 15:02:43,774 medication.arb..during_dct tp: 5 - fp: 1 - fn: 21 - tn: 42919 - precision: 0.8333 - recall: 0.1923 - accuracy: 0.1852 - f1-score: 0.3125
2019-04-12 15:02:43,774 medication.arb..during_dct tp: 5 - fp: 1 - fn: 21 - tn: 42919 - precision: 0.8333 - recall: 0.1923 - accuracy: 0.1852 - f1-score: 0.3125
2019-04-12 15:02:43,774 medication.arb..during_dct tp: 5 - fp: 1 - fn: 21 - tn: 42919 - precision: 0.8333 - recall: 0.1923 - accuracy: 0.1852 - f1-score: 0.3125
2019-04-12 15:02:43,774 medication.arb..during_dct tp: 5 - fp: 1 - fn: 21 - tn: 42919 - precision: 0.8333 - recall: 0.1923 - accuracy: 0.1852 - f1-score: 0.3125
2019-04-12 15:02:43,802 medication.arb.diuretic.before_dct tp: 0 - fp: 0 - fn: 5 - tn: 42941 - precision: 0.0000 - recall: 0.0000 - accuracy: 0.0000 - f1-score: 0.0000
2019-04-12 15:02:43,802 medication.arb.diuretic.before_dct tp: 0 - fp: 0 - fn: 5 - tn: 42941 - precision: 0.0000 - recall: 0.0000 - accuracy: 0.0000 - f1-score: 0.0000
2019-04-12 15:02:43,802 medication.arb.diuretic.before_dct tp: 0 - fp: 0 - fn: 5 - tn: 42941 - precision: 0.0000 - recall: 0.0000 - accuracy: 0.0000 - f1-score: 0.0000
2019-04-12 15:02:43,802 medication.arb.diuretic.before_dct tp: 0 - fp: 0 - fn: 5 - tn: 42941 - precision: 0.0000 - recall: 0.0000 - accuracy: 0.0000 - f1-score: 0.0000
2019-04-12 15:02:43,818 medication.arb.diuretic.during_dct tp: 0 - fp: 0 - fn: 2 - tn: 42944 - precision: 0.0000 - recall: 0.0000 - accuracy: 0.0000 - f1-score: 0.0000
2019-04-12 15:02:43,818 medication.arb.diuretic.during_dct tp: 0 - fp: 0 - fn: 2 - tn: 42944 - precision: 0.0000 - recall: 0.0000 - accuracy: 0.0000 - f1-score: 0.0000
2019-04-12 15:02:43,818 medication.arb.diuretic.during_dct tp: 0 - fp: 0 - fn: 2 - tn: 42944 - precision: 0.0000 - recall: 0.0000 - accuracy: 0.0000 - f1-score: 0.0000
2019-04-12 15:02:43,818 medication.arb.diuretic.during_dct tp: 0 - fp: 0 - fn: 2 - tn: 42944 - precision: 0.0000 - recall: 0.0000 - accuracy: 0.0000 - f1-score: 0.0000
2019-04-12 15:02:43,827 medication.aspirin..after_dct tp: 89 - fp: 28 - fn: 71 - tn: 42758 - precision: 0.7607 - recall: 0.5563 - accuracy: 0.4734 - f1-score: 0.6426
2019-04-12 15:02:43,827 medication.aspirin..after_dct tp: 89 - fp: 28 - fn: 71 - tn: 42758 - precision: 0.7607 - recall: 0.5563 - accuracy: 0.4734 - f1-score: 0.6426
2019-04-12 15:02:43,827 medication.aspirin..after_dct tp: 89 - fp: 28 - fn: 71 - tn: 42758 - precision: 0.7607 - recall: 0.5563 - accuracy: 0.4734 - f1-score: 0.6426
2019-04-12 15:02:43,827 medication.aspirin..after_dct tp: 89 - fp: 28 - fn: 71 - tn: 42758 - precision: 0.7607 - recall: 0.5563 - accuracy: 0.4734 - f1-score: 0.6426
2019-04-12 15:02:43,860 medication.aspirin..before_dct tp: 65 - fp: 56 - fn: 47 - tn: 42778 - precision: 0.5372 - recall: 0.5804 - accuracy: 0.3869 - f1-score: 0.5580
2019-04-12 15:02:43,860 medication.aspirin..before_dct tp: 65 - fp: 56 - fn: 47 - tn: 42778 - precision: 0.5372 - recall: 0.5804 - accuracy: 0.3869 - f1-score: 0.5580
2019-04-12 15:02:43,860 medication.aspirin..before_dct tp: 65 - fp: 56 - fn: 47 - tn: 42778 - precision: 0.5372 - recall: 0.5804 - accuracy: 0.3869 - f1-score: 0.5580
2019-04-12 15:02:43,860 medication.aspirin..before_dct tp: 65 - fp: 56 - fn: 47 - tn: 42778 - precision: 0.5372 - recall: 0.5804 - accuracy: 0.3869 - f1-score: 0.5580
2019-04-12 15:02:43,880 medication.aspirin..during_dct tp: 0 - fp: 1 - fn: 30 - tn: 42915 - precision: 0.0000 - recall: 0.0000 - accuracy: 0.0000 - f1-score: 0.0000
2019-04-12 15:02:43,880 medication.aspirin..during_dct tp: 0 - fp: 1 - fn: 30 - tn: 42915 - precision: 0.0000 - recall: 0.0000 - accuracy: 0.0000 - f1-score: 0.0000
2019-04-12 15:02:43,880 medication.aspirin..during_dct tp: 0 - fp: 1 - fn: 30 - tn: 42915 - precision: 0.0000 - recall: 0.0000 - accuracy: 0.0000 - f1-score: 0.0000
2019-04-12 15:02:43,880 medication.aspirin..during_dct tp: 0 - fp: 1 - fn: 30 - tn: 42915 - precision: 0.0000 - recall: 0.0000 - accuracy: 0.0000 - f1-score: 0.0000
2019-04-12 15:02:43,893 medication.beta_blocker..after_dct tp: 48 - fp: 50 - fn: 31 - tn: 42817 - precision: 0.4898 - recall: 0.6076 - accuracy: 0.3721 - f1-score: 0.5424
2019-04-12 15:02:43,893 medication.beta_blocker..after_dct tp: 48 - fp: 50 - fn: 31 - tn: 42817 - precision: 0.4898 - recall: 0.6076 - accuracy: 0.3721 - f1-score: 0.5424
2019-04-12 15:02:43,893 medication.beta_blocker..after_dct tp: 48 - fp: 50 - fn: 31 - tn: 42817 - precision: 0.4898 - recall: 0.6076 - accuracy: 0.3721 - f1-score: 0.5424
2019-04-12 15:02:43,893 medication.beta_blocker..after_dct tp: 48 - fp: 50 - fn: 31 - tn: 42817 - precision: 0.4898 - recall: 0.6076 - accuracy: 0.3721 - f1-score: 0.5424
2019-04-12 15:02:43,909 medication.beta_blocker..before_dct tp: 45 - fp: 60 - fn: 66 - tn: 42775 - precision: 0.4286 - recall: 0.4054 - accuracy: 0.2632 - f1-score: 0.4167
2019-04-12 15:02:43,909 medication.beta_blocker..before_dct tp: 45 - fp: 60 - fn: 66 - tn: 42775 - precision: 0.4286 - recall: 0.4054 - accuracy: 0.2632 - f1-score: 0.4167
2019-04-12 15:02:43,909 medication.beta_blocker..before_dct tp: 45 - fp: 60 - fn: 66 - tn: 42775 - precision: 0.4286 - recall: 0.4054 - accuracy: 0.2632 - f1-score: 0.4167
2019-04-12 15:02:43,909 medication.beta_blocker..before_dct tp: 45 - fp: 60 - fn: 66 - tn: 42775 - precision: 0.4286 - recall: 0.4054 - accuracy: 0.2632 - f1-score: 0.4167
2019-04-12 15:02:43,924 medication.beta_blocker..during_dct tp: 31 - fp: 5 - fn: 73 - tn: 42837 - precision: 0.8611 - recall: 0.2981 - accuracy: 0.2844 - f1-score: 0.4429
2019-04-12 15:02:43,924 medication.beta_blocker..during_dct tp: 31 - fp: 5 - fn: 73 - tn: 42837 - precision: 0.8611 - recall: 0.2981 - accuracy: 0.2844 - f1-score: 0.4429
2019-04-12 15:02:43,924 medication.beta_blocker..during_dct tp: 31 - fp: 5 - fn: 73 - tn: 42837 - precision: 0.8611 - recall: 0.2981 - accuracy: 0.2844 - f1-score: 0.4429
2019-04-12 15:02:43,924 medication.beta_blocker..during_dct tp: 31 - fp: 5 - fn: 73 - tn: 42837 - precision: 0.8611 - recall: 0.2981 - accuracy: 0.2844 - f1-score: 0.4429
2019-04-12 15:02:43,938 medication.calcium_channel_blocker..after_dct tp: 3 - fp: 5 - fn: 39 - tn: 42899 - precision: 0.3750 - recall: 0.0714 - accuracy: 0.0638 - f1-score: 0.1200
2019-04-12 15:02:43,938 medication.calcium_channel_blocker..after_dct tp: 3 - fp: 5 - fn: 39 - tn: 42899 - precision: 0.3750 - recall: 0.0714 - accuracy: 0.0638 - f1-score: 0.1200
2019-04-12 15:02:43,938 medication.calcium_channel_blocker..after_dct tp: 3 - fp: 5 - fn: 39 - tn: 42899 - precision: 0.3750 - recall: 0.0714 - accuracy: 0.0638 - f1-score: 0.1200
2019-04-12 15:02:43,938 medication.calcium_channel_blocker..after_dct tp: 3 - fp: 5 - fn: 39 - tn: 42899 - precision: 0.3750 - recall: 0.0714 - accuracy: 0.0638 - f1-score: 0.1200
2019-04-12 15:02:43,952 medication.calcium_channel_blocker..before_dct tp: 17 - fp: 28 - fn: 23 - tn: 42878 - precision: 0.3778 - recall: 0.4250 - accuracy: 0.2500 - f1-score: 0.4000
2019-04-12 15:02:43,952 medication.calcium_channel_blocker..before_dct tp: 17 - fp: 28 - fn: 23 - tn: 42878 - precision: 0.3778 - recall: 0.4250 - accuracy: 0.2500 - f1-score: 0.4000
2019-04-12 15:02:43,952 medication.calcium_channel_blocker..before_dct tp: 17 - fp: 28 - fn: 23 - tn: 42878 - precision: 0.3778 - recall: 0.4250 - accuracy: 0.2500 - f1-score: 0.4000
2019-04-12 15:02:43,952 medication.calcium_channel_blocker..before_dct tp: 17 - fp: 28 - fn: 23 - tn: 42878 - precision: 0.3778 - recall: 0.4250 - accuracy: 0.2500 - f1-score: 0.4000
2019-04-12 15:02:43,983 medication.calcium_channel_blocker..during_dct tp: 5 - fp: 2 - fn: 24 - tn: 42915 - precision: 0.7143 - recall: 0.1724 - accuracy: 0.1613 - f1-score: 0.2778
2019-04-12 15:02:43,983 medication.calcium_channel_blocker..during_dct tp: 5 - fp: 2 - fn: 24 - tn: 42915 - precision: 0.7143 - recall: 0.1724 - accuracy: 0.1613 - f1-score: 0.2778
2019-04-12 15:02:43,983 medication.calcium_channel_blocker..during_dct tp: 5 - fp: 2 - fn: 24 - tn: 42915 - precision: 0.7143 - recall: 0.1724 - accuracy: 0.1613 - f1-score: 0.2778
2019-04-12 15:02:43,983 medication.calcium_channel_blocker..during_dct tp: 5 - fp: 2 - fn: 24 - tn: 42915 - precision: 0.7143 - recall: 0.1724 - accuracy: 0.1613 - f1-score: 0.2778
2019-04-12 15:02:43,984 medication.diuretic..after_dct tp: 0 - fp: 0 - fn: 26 - tn: 42920 - precision: 0.0000 - recall: 0.0000 - accuracy: 0.0000 - f1-score: 0.0000
2019-04-12 15:02:43,984 medication.diuretic..after_dct tp: 0 - fp: 0 - fn: 26 - tn: 42920 - precision: 0.0000 - recall: 0.0000 - accuracy: 0.0000 - f1-score: 0.0000
2019-04-12 15:02:43,984 medication.diuretic..after_dct tp: 0 - fp: 0 - fn: 26 - tn: 42920 - precision: 0.0000 - recall: 0.0000 - accuracy: 0.0000 - f1-score: 0.0000
2019-04-12 15:02:43,984 medication.diuretic..after_dct tp: 0 - fp: 0 - fn: 26 - tn: 42920 - precision: 0.0000 - recall: 0.0000 - accuracy: 0.0000 - f1-score: 0.0000
2019-04-12 15:02:44,006 medication.diuretic..before_dct tp: 26 - fp: 18 - fn: 12 - tn: 42890 - precision: 0.5909 - recall: 0.6842 - accuracy: 0.4643 - f1-score: 0.6341
2019-04-12 15:02:44,006 medication.diuretic..before_dct tp: 26 - fp: 18 - fn: 12 - tn: 42890 - precision: 0.5909 - recall: 0.6842 - accuracy: 0.4643 - f1-score: 0.6341
2019-04-12 15:02:44,006 medication.diuretic..before_dct tp: 26 - fp: 18 - fn: 12 - tn: 42890 - precision: 0.5909 - recall: 0.6842 - accuracy: 0.4643 - f1-score: 0.6341
2019-04-12 15:02:44,006 medication.diuretic..before_dct tp: 26 - fp: 18 - fn: 12 - tn: 42890 - precision: 0.5909 - recall: 0.6842 - accuracy: 0.4643 - f1-score: 0.6341
2019-04-12 15:02:44,015 medication.diuretic..during_dct tp: 0 - fp: 0 - fn: 8 - tn: 42938 - precision: 0.0000 - recall: 0.0000 - accuracy: 0.0000 - f1-score: 0.0000
2019-04-12 15:02:44,015 medication.diuretic..during_dct tp: 0 - fp: 0 - fn: 8 - tn: 42938 - precision: 0.0000 - recall: 0.0000 - accuracy: 0.0000 - f1-score: 0.0000
2019-04-12 15:02:44,015 medication.diuretic..during_dct tp: 0 - fp: 0 - fn: 8 - tn: 42938 - precision: 0.0000 - recall: 0.0000 - accuracy: 0.0000 - f1-score: 0.0000
2019-04-12 15:02:44,015 medication.diuretic..during_dct tp: 0 - fp: 0 - fn: 8 - tn: 42938 - precision: 0.0000 - recall: 0.0000 - accuracy: 0.0000 - f1-score: 0.0000
2019-04-12 15:02:44,031 medication.dpp4_inhibitors..before_dct tp: 0 - fp: 0 - fn: 2 - tn: 42944 - precision: 0.0000 - recall: 0.0000 - accuracy: 0.0000 - f1-score: 0.0000
2019-04-12 15:02:44,031 medication.dpp4_inhibitors..before_dct tp: 0 - fp: 0 - fn: 2 - tn: 42944 - precision: 0.0000 - recall: 0.0000 - accuracy: 0.0000 - f1-score: 0.0000
2019-04-12 15:02:44,031 medication.dpp4_inhibitors..before_dct tp: 0 - fp: 0 - fn: 2 - tn: 42944 - precision: 0.0000 - recall: 0.0000 - accuracy: 0.0000 - f1-score: 0.0000
2019-04-12 15:02:44,031 medication.dpp4_inhibitors..before_dct tp: 0 - fp: 0 - fn: 2 - tn: 42944 - precision: 0.0000 - recall: 0.0000 - accuracy: 0.0000 - f1-score: 0.0000
2019-04-12 15:02:44,046 medication.ezetimibe..after_dct tp: 0 - fp: 0 - fn: 4 - tn: 42942 - precision: 0.0000 - recall: 0.0000 - accuracy: 0.0000 - f1-score: 0.0000
2019-04-12 15:02:44,046 medication.ezetimibe..after_dct tp: 0 - fp: 0 - fn: 4 - tn: 42942 - precision: 0.0000 - recall: 0.0000 - accuracy: 0.0000 - f1-score: 0.0000
2019-04-12 15:02:44,046 medication.ezetimibe..after_dct tp: 0 - fp: 0 - fn: 4 - tn: 42942 - precision: 0.0000 - recall: 0.0000 - accuracy: 0.0000 - f1-score: 0.0000
2019-04-12 15:02:44,046 medication.ezetimibe..after_dct tp: 0 - fp: 0 - fn: 4 - tn: 42942 - precision: 0.0000 - recall: 0.0000 - accuracy: 0.0000 - f1-score: 0.0000
2019-04-12 15:02:44,076 medication.ezetimibe..before_dct tp: 0 - fp: 0 - fn: 0 - tn: 42946 - precision: 0.0000 - recall: 0.0000 - accuracy: 0.0000 - f1-score: 0.0000
2019-04-12 15:02:44,076 medication.ezetimibe..before_dct tp: 0 - fp: 0 - fn: 0 - tn: 42946 - precision: 0.0000 - recall: 0.0000 - accuracy: 0.0000 - f1-score: 0.0000
2019-04-12 15:02:44,076 medication.ezetimibe..before_dct tp: 0 - fp: 0 - fn: 0 - tn: 42946 - precision: 0.0000 - recall: 0.0000 - accuracy: 0.0000 - f1-score: 0.0000
2019-04-12 15:02:44,076 medication.ezetimibe..before_dct tp: 0 - fp: 0 - fn: 0 - tn: 42946 - precision: 0.0000 - recall: 0.0000 - accuracy: 0.0000 - f1-score: 0.0000
2019-04-12 15:02:44,090 medication.ezetimibe..during_dct tp: 0 - fp: 0 - fn: 8 - tn: 42938 - precision: 0.0000 - recall: 0.0000 - accuracy: 0.0000 - f1-score: 0.0000
2019-04-12 15:02:44,090 medication.ezetimibe..during_dct tp: 0 - fp: 0 - fn: 8 - tn: 42938 - precision: 0.0000 - recall: 0.0000 - accuracy: 0.0000 - f1-score: 0.0000
2019-04-12 15:02:44,090 medication.ezetimibe..during_dct tp: 0 - fp: 0 - fn: 8 - tn: 42938 - precision: 0.0000 - recall: 0.0000 - accuracy: 0.0000 - f1-score: 0.0000
2019-04-12 15:02:44,090 medication.ezetimibe..during_dct tp: 0 - fp: 0 - fn: 8 - tn: 42938 - precision: 0.0000 - recall: 0.0000 - accuracy: 0.0000 - f1-score: 0.0000
2019-04-12 15:02:44,105 medication.fibrate..after_dct tp: 0 - fp: 0 - fn: 2 - tn: 42944 - precision: 0.0000 - recall: 0.0000 - accuracy: 0.0000 - f1-score: 0.0000
2019-04-12 15:02:44,105 medication.fibrate..after_dct tp: 0 - fp: 0 - fn: 2 - tn: 42944 - precision: 0.0000 - recall: 0.0000 - accuracy: 0.0000 - f1-score: 0.0000
2019-04-12 15:02:44,105 medication.fibrate..after_dct tp: 0 - fp: 0 - fn: 2 - tn: 42944 - precision: 0.0000 - recall: 0.0000 - accuracy: 0.0000 - f1-score: 0.0000
2019-04-12 15:02:44,105 medication.fibrate..after_dct tp: 0 - fp: 0 - fn: 2 - tn: 42944 - precision: 0.0000 - recall: 0.0000 - accuracy: 0.0000 - f1-score: 0.0000
2019-04-12 15:02:44,118 medication.fibrate..before_dct tp: 0 - fp: 0 - fn: 10 - tn: 42936 - precision: 0.0000 - recall: 0.0000 - accuracy: 0.0000 - f1-score: 0.0000
2019-04-12 15:02:44,118 medication.fibrate..before_dct tp: 0 - fp: 0 - fn: 10 - tn: 42936 - precision: 0.0000 - recall: 0.0000 - accuracy: 0.0000 - f1-score: 0.0000
2019-04-12 15:02:44,118 medication.fibrate..before_dct tp: 0 - fp: 0 - fn: 10 - tn: 42936 - precision: 0.0000 - recall: 0.0000 - accuracy: 0.0000 - f1-score: 0.0000
2019-04-12 15:02:44,118 medication.fibrate..before_dct tp: 0 - fp: 0 - fn: 10 - tn: 42936 - precision: 0.0000 - recall: 0.0000 - accuracy: 0.0000 - f1-score: 0.0000
2019-04-12 15:02:44,131 medication.fibrate..during_dct tp: 0 - fp: 0 - fn: 19 - tn: 42927 - precision: 0.0000 - recall: 0.0000 - accuracy: 0.0000 - f1-score: 0.0000
2019-04-12 15:02:44,131 medication.fibrate..during_dct tp: 0 - fp: 0 - fn: 19 - tn: 42927 - precision: 0.0000 - recall: 0.0000 - accuracy: 0.0000 - f1-score: 0.0000
2019-04-12 15:02:44,131 medication.fibrate..during_dct tp: 0 - fp: 0 - fn: 19 - tn: 42927 - precision: 0.0000 - recall: 0.0000 - accuracy: 0.0000 - f1-score: 0.0000
2019-04-12 15:02:44,131 medication.fibrate..during_dct tp: 0 - fp: 0 - fn: 19 - tn: 42927 - precision: 0.0000 - recall: 0.0000 - accuracy: 0.0000 - f1-score: 0.0000
2019-04-12 15:02:44,146 medication.insulin..after_dct tp: 0 - fp: 7 - fn: 47 - tn: 42892 - precision: 0.0000 - recall: 0.0000 - accuracy: 0.0000 - f1-score: 0.0000
2019-04-12 15:02:44,146 medication.insulin..after_dct tp: 0 - fp: 7 - fn: 47 - tn: 42892 - precision: 0.0000 - recall: 0.0000 - accuracy: 0.0000 - f1-score: 0.0000
2019-04-12 15:02:44,146 medication.insulin..after_dct tp: 0 - fp: 7 - fn: 47 - tn: 42892 - precision: 0.0000 - recall: 0.0000 - accuracy: 0.0000 - f1-score: 0.0000
2019-04-12 15:02:44,146 medication.insulin..after_dct tp: 0 - fp: 7 - fn: 47 - tn: 42892 - precision: 0.0000 - recall: 0.0000 - accuracy: 0.0000 - f1-score: 0.0000
2019-04-12 15:02:44,160 medication.insulin..before_dct tp: 11 - fp: 9 - fn: 77 - tn: 42849 - precision: 0.5500 - recall: 0.1250 - accuracy: 0.1134 - f1-score: 0.2037
2019-04-12 15:02:44,160 medication.insulin..before_dct tp: 11 - fp: 9 - fn: 77 - tn: 42849 - precision: 0.5500 - recall: 0.1250 - accuracy: 0.1134 - f1-score: 0.2037
2019-04-12 15:02:44,160 medication.insulin..before_dct tp: 11 - fp: 9 - fn: 77 - tn: 42849 - precision: 0.5500 - recall: 0.1250 - accuracy: 0.1134 - f1-score: 0.2037
2019-04-12 15:02:44,160 medication.insulin..before_dct tp: 11 - fp: 9 - fn: 77 - tn: 42849 - precision: 0.5500 - recall: 0.1250 - accuracy: 0.1134 - f1-score: 0.2037
2019-04-12 15:02:44,162 medication.insulin..during_dct tp: 51 - fp: 79 - fn: 14 - tn: 42802 - precision: 0.3923 - recall: 0.7846 - accuracy: 0.3542 - f1-score: 0.5231
2019-04-12 15:02:44,162 medication.insulin..during_dct tp: 51 - fp: 79 - fn: 14 - tn: 42802 - precision: 0.3923 - recall: 0.7846 - accuracy: 0.3542 - f1-score: 0.5231
2019-04-12 15:02:44,162 medication.insulin..during_dct tp: 51 - fp: 79 - fn: 14 - tn: 42802 - precision: 0.3923 - recall: 0.7846 - accuracy: 0.3542 - f1-score: 0.5231
2019-04-12 15:02:44,162 medication.insulin..during_dct tp: 51 - fp: 79 - fn: 14 - tn: 42802 - precision: 0.3923 - recall: 0.7846 - accuracy: 0.3542 - f1-score: 0.5231
2019-04-12 15:02:44,184 medication.metformin..after_dct tp: 0 - fp: 0 - fn: 25 - tn: 42921 - precision: 0.0000 - recall: 0.0000 - accuracy: 0.0000 - f1-score: 0.0000
2019-04-12 15:02:44,184 medication.metformin..after_dct tp: 0 - fp: 0 - fn: 25 - tn: 42921 - precision: 0.0000 - recall: 0.0000 - accuracy: 0.0000 - f1-score: 0.0000
2019-04-12 15:02:44,184 medication.metformin..after_dct tp: 0 - fp: 0 - fn: 25 - tn: 42921 - precision: 0.0000 - recall: 0.0000 - accuracy: 0.0000 - f1-score: 0.0000
2019-04-12 15:02:44,184 medication.metformin..after_dct tp: 0 - fp: 0 - fn: 25 - tn: 42921 - precision: 0.0000 - recall: 0.0000 - accuracy: 0.0000 - f1-score: 0.0000
2019-04-12 15:02:44,191 medication.metformin..before_dct tp: 3 - fp: 1 - fn: 50 - tn: 42892 - precision: 0.7500 - recall: 0.0566 - accuracy: 0.0556 - f1-score: 0.1053
2019-04-12 15:02:44,191 medication.metformin..before_dct tp: 3 - fp: 1 - fn: 50 - tn: 42892 - precision: 0.7500 - recall: 0.0566 - accuracy: 0.0556 - f1-score: 0.1053
2019-04-12 15:02:44,191 medication.metformin..before_dct tp: 3 - fp: 1 - fn: 50 - tn: 42892 - precision: 0.7500 - recall: 0.0566 - accuracy: 0.0556 - f1-score: 0.1053
2019-04-12 15:02:44,191 medication.metformin..before_dct tp: 3 - fp: 1 - fn: 50 - tn: 42892 - precision: 0.7500 - recall: 0.0566 - accuracy: 0.0556 - f1-score: 0.1053
2019-04-12 15:02:44,215 medication.metformin..during_dct tp: 42 - fp: 57 - fn: 13 - tn: 42834 - precision: 0.4242 - recall: 0.7636 - accuracy: 0.3750 - f1-score: 0.5454
2019-04-12 15:02:44,215 medication.metformin..during_dct tp: 42 - fp: 57 - fn: 13 - tn: 42834 - precision: 0.4242 - recall: 0.7636 - accuracy: 0.3750 - f1-score: 0.5454
2019-04-12 15:02:44,215 medication.metformin..during_dct tp: 42 - fp: 57 - fn: 13 - tn: 42834 - precision: 0.4242 - recall: 0.7636 - accuracy: 0.3750 - f1-score: 0.5454
2019-04-12 15:02:44,215 medication.metformin..during_dct tp: 42 - fp: 57 - fn: 13 - tn: 42834 - precision: 0.4242 - recall: 0.7636 - accuracy: 0.3750 - f1-score: 0.5454
2019-04-12 15:02:44,223 medication.niacin..after_dct tp: 0 - fp: 0 - fn: 5 - tn: 42941 - precision: 0.0000 - recall: 0.0000 - accuracy: 0.0000 - f1-score: 0.0000
2019-04-12 15:02:44,223 medication.niacin..after_dct tp: 0 - fp: 0 - fn: 5 - tn: 42941 - precision: 0.0000 - recall: 0.0000 - accuracy: 0.0000 - f1-score: 0.0000
2019-04-12 15:02:44,223 medication.niacin..after_dct tp: 0 - fp: 0 - fn: 5 - tn: 42941 - precision: 0.0000 - recall: 0.0000 - accuracy: 0.0000 - f1-score: 0.0000
2019-04-12 15:02:44,223 medication.niacin..after_dct tp: 0 - fp: 0 - fn: 5 - tn: 42941 - precision: 0.0000 - recall: 0.0000 - accuracy: 0.0000 - f1-score: 0.0000
2019-04-12 15:02:44,255 medication.nitrate..after_dct tp: 0 - fp: 0 - fn: 33 - tn: 42913 - precision: 0.0000 - recall: 0.0000 - accuracy: 0.0000 - f1-score: 0.0000
2019-04-12 15:02:44,255 medication.nitrate..after_dct tp: 0 - fp: 0 - fn: 33 - tn: 42913 - precision: 0.0000 - recall: 0.0000 - accuracy: 0.0000 - f1-score: 0.0000
2019-04-12 15:02:44,255 medication.nitrate..after_dct tp: 0 - fp: 0 - fn: 33 - tn: 42913 - precision: 0.0000 - recall: 0.0000 - accuracy: 0.0000 - f1-score: 0.0000
2019-04-12 15:02:44,255 medication.nitrate..after_dct tp: 0 - fp: 0 - fn: 33 - tn: 42913 - precision: 0.0000 - recall: 0.0000 - accuracy: 0.0000 - f1-score: 0.0000
2019-04-12 15:02:44,271 medication.nitrate..before_dct tp: 5 - fp: 29 - fn: 23 - tn: 42889 - precision: 0.1471 - recall: 0.1786 - accuracy: 0.0877 - f1-score: 0.1613
2019-04-12 15:02:44,271 medication.nitrate..before_dct tp: 5 - fp: 29 - fn: 23 - tn: 42889 - precision: 0.1471 - recall: 0.1786 - accuracy: 0.0877 - f1-score: 0.1613
2019-04-12 15:02:44,271 medication.nitrate..before_dct tp: 5 - fp: 29 - fn: 23 - tn: 42889 - precision: 0.1471 - recall: 0.1786 - accuracy: 0.0877 - f1-score: 0.1613
2019-04-12 15:02:44,271 medication.nitrate..before_dct tp: 5 - fp: 29 - fn: 23 - tn: 42889 - precision: 0.1471 - recall: 0.1786 - accuracy: 0.0877 - f1-score: 0.1613
2019-04-12 15:02:44,286 medication.nitrate..during_dct tp: 5 - fp: 8 - fn: 37 - tn: 42896 - precision: 0.3846 - recall: 0.1190 - accuracy: 0.1000 - f1-score: 0.1818
2019-04-12 15:02:44,286 medication.nitrate..during_dct tp: 5 - fp: 8 - fn: 37 - tn: 42896 - precision: 0.3846 - recall: 0.1190 - accuracy: 0.1000 - f1-score: 0.1818
2019-04-12 15:02:44,286 medication.nitrate..during_dct tp: 5 - fp: 8 - fn: 37 - tn: 42896 - precision: 0.3846 - recall: 0.1190 - accuracy: 0.1000 - f1-score: 0.1818
2019-04-12 15:02:44,286 medication.nitrate..during_dct tp: 5 - fp: 8 - fn: 37 - tn: 42896 - precision: 0.3846 - recall: 0.1190 - accuracy: 0.1000 - f1-score: 0.1818
2019-04-12 15:02:44,288 medication.statin..after_dct tp: 40 - fp: 72 - fn: 41 - tn: 42793 - precision: 0.3571 - recall: 0.4938 - accuracy: 0.2614 - f1-score: 0.4145
2019-04-12 15:02:44,288 medication.statin..after_dct tp: 40 - fp: 72 - fn: 41 - tn: 42793 - precision: 0.3571 - recall: 0.4938 - accuracy: 0.2614 - f1-score: 0.4145
2019-04-12 15:02:44,288 medication.statin..after_dct tp: 40 - fp: 72 - fn: 41 - tn: 42793 - precision: 0.3571 - recall: 0.4938 - accuracy: 0.2614 - f1-score: 0.4145
2019-04-12 15:02:44,288 medication.statin..after_dct tp: 40 - fp: 72 - fn: 41 - tn: 42793 - precision: 0.3571 - recall: 0.4938 - accuracy: 0.2614 - f1-score: 0.4145
2019-04-12 15:02:44,319 medication.statin..before_dct tp: 79 - fp: 44 - fn: 72 - tn: 42751 - precision: 0.6423 - recall: 0.5232 - accuracy: 0.4051 - f1-score: 0.5767
2019-04-12 15:02:44,319 medication.statin..before_dct tp: 79 - fp: 44 - fn: 72 - tn: 42751 - precision: 0.6423 - recall: 0.5232 - accuracy: 0.4051 - f1-score: 0.5767
2019-04-12 15:02:44,319 medication.statin..before_dct tp: 79 - fp: 44 - fn: 72 - tn: 42751 - precision: 0.6423 - recall: 0.5232 - accuracy: 0.4051 - f1-score: 0.5767
2019-04-12 15:02:44,319 medication.statin..before_dct tp: 79 - fp: 44 - fn: 72 - tn: 42751 - precision: 0.6423 - recall: 0.5232 - accuracy: 0.4051 - f1-score: 0.5767
2019-04-12 15:02:44,321 medication.statin..during_dct tp: 7 - fp: 20 - fn: 57 - tn: 42862 - precision: 0.2593 - recall: 0.1094 - accuracy: 0.0833 - f1-score: 0.1539
2019-04-12 15:02:44,321 medication.statin..during_dct tp: 7 - fp: 20 - fn: 57 - tn: 42862 - precision: 0.2593 - recall: 0.1094 - accuracy: 0.0833 - f1-score: 0.1539
2019-04-12 15:02:44,321 medication.statin..during_dct tp: 7 - fp: 20 - fn: 57 - tn: 42862 - precision: 0.2593 - recall: 0.1094 - accuracy: 0.0833 - f1-score: 0.1539
2019-04-12 15:02:44,321 medication.statin..during_dct tp: 7 - fp: 20 - fn: 57 - tn: 42862 - precision: 0.2593 - recall: 0.1094 - accuracy: 0.0833 - f1-score: 0.1539
2019-04-12 15:02:44,350 medication.sulfonylureas..after_dct tp: 0 - fp: 0 - fn: 5 - tn: 42941 - precision: 0.0000 - recall: 0.0000 - accuracy: 0.0000 - f1-score: 0.0000
2019-04-12 15:02:44,350 medication.sulfonylureas..after_dct tp: 0 - fp: 0 - fn: 5 - tn: 42941 - precision: 0.0000 - recall: 0.0000 - accuracy: 0.0000 - f1-score: 0.0000
2019-04-12 15:02:44,350 medication.sulfonylureas..after_dct tp: 0 - fp: 0 - fn: 5 - tn: 42941 - precision: 0.0000 - recall: 0.0000 - accuracy: 0.0000 - f1-score: 0.0000
2019-04-12 15:02:44,350 medication.sulfonylureas..after_dct tp: 0 - fp: 0 - fn: 5 - tn: 42941 - precision: 0.0000 - recall: 0.0000 - accuracy: 0.0000 - f1-score: 0.0000
2019-04-12 15:02:44,352 medication.sulfonylureas..before_dct tp: 22 - fp: 69 - fn: 15 - tn: 42840 - precision: 0.2418 - recall: 0.5946 - accuracy: 0.2075 - f1-score: 0.3438
2019-04-12 15:02:44,352 medication.sulfonylureas..before_dct tp: 22 - fp: 69 - fn: 15 - tn: 42840 - precision: 0.2418 - recall: 0.5946 - accuracy: 0.2075 - f1-score: 0.3438
2019-04-12 15:02:44,352 medication.sulfonylureas..before_dct tp: 22 - fp: 69 - fn: 15 - tn: 42840 - precision: 0.2418 - recall: 0.5946 - accuracy: 0.2075 - f1-score: 0.3438
2019-04-12 15:02:44,352 medication.sulfonylureas..before_dct tp: 22 - fp: 69 - fn: 15 - tn: 42840 - precision: 0.2418 - recall: 0.5946 - accuracy: 0.2075 - f1-score: 0.3438
2019-04-12 15:02:44,374 medication.sulfonylureas..during_dct tp: 0 - fp: 9 - fn: 54 - tn: 42883 - precision: 0.0000 - recall: 0.0000 - accuracy: 0.0000 - f1-score: 0.0000
2019-04-12 15:02:44,374 medication.sulfonylureas..during_dct tp: 0 - fp: 9 - fn: 54 - tn: 42883 - precision: 0.0000 - recall: 0.0000 - accuracy: 0.0000 - f1-score: 0.0000
2019-04-12 15:02:44,374 medication.sulfonylureas..during_dct tp: 0 - fp: 9 - fn: 54 - tn: 42883 - precision: 0.0000 - recall: 0.0000 - accuracy: 0.0000 - f1-score: 0.0000
2019-04-12 15:02:44,374 medication.sulfonylureas..during_dct tp: 0 - fp: 9 - fn: 54 - tn: 42883 - precision: 0.0000 - recall: 0.0000 - accuracy: 0.0000 - f1-score: 0.0000
2019-04-12 15:02:44,383 medication.sulfonylureas.metformin.during_dct tp: 0 - fp: 0 - fn: 4 - tn: 42942 - precision: 0.0000 - recall: 0.0000 - accuracy: 0.0000 - f1-score: 0.0000
2019-04-12 15:02:44,383 medication.sulfonylureas.metformin.during_dct tp: 0 - fp: 0 - fn: 4 - tn: 42942 - precision: 0.0000 - recall: 0.0000 - accuracy: 0.0000 - f1-score: 0.0000
2019-04-12 15:02:44,383 medication.sulfonylureas.metformin.during_dct tp: 0 - fp: 0 - fn: 4 - tn: 42942 - precision: 0.0000 - recall: 0.0000 - accuracy: 0.0000 - f1-score: 0.0000
2019-04-12 15:02:44,383 medication.sulfonylureas.metformin.during_dct tp: 0 - fp: 0 - fn: 4 - tn: 42942 - precision: 0.0000 - recall: 0.0000 - accuracy: 0.0000 - f1-score: 0.0000
2019-04-12 15:02:44,392 medication.thiazolidinedione..after_dct tp: 5 - fp: 2 - fn: 7 - tn: 42932 - precision: 0.7143 - recall: 0.4167 - accuracy: 0.3571 - f1-score: 0.5263
2019-04-12 15:02:44,392 medication.thiazolidinedione..after_dct tp: 5 - fp: 2 - fn: 7 - tn: 42932 - precision: 0.7143 - recall: 0.4167 - accuracy: 0.3571 - f1-score: 0.5263
2019-04-12 15:02:44,392 medication.thiazolidinedione..after_dct tp: 5 - fp: 2 - fn: 7 - tn: 42932 - precision: 0.7143 - recall: 0.4167 - accuracy: 0.3571 - f1-score: 0.5263
2019-04-12 15:02:44,392 medication.thiazolidinedione..after_dct tp: 5 - fp: 2 - fn: 7 - tn: 42932 - precision: 0.7143 - recall: 0.4167 - accuracy: 0.3571 - f1-score: 0.5263
2019-04-12 15:02:44,400 medication.thiazolidinedione..before_dct tp: 0 - fp: 0 - fn: 4 - tn: 42942 - precision: 0.0000 - recall: 0.0000 - accuracy: 0.0000 - f1-score: 0.0000
2019-04-12 15:02:44,400 medication.thiazolidinedione..before_dct tp: 0 - fp: 0 - fn: 4 - tn: 42942 - precision: 0.0000 - recall: 0.0000 - accuracy: 0.0000 - f1-score: 0.0000
2019-04-12 15:02:44,400 medication.thiazolidinedione..before_dct tp: 0 - fp: 0 - fn: 4 - tn: 42942 - precision: 0.0000 - recall: 0.0000 - accuracy: 0.0000 - f1-score: 0.0000
2019-04-12 15:02:44,400 medication.thiazolidinedione..before_dct tp: 0 - fp: 0 - fn: 4 - tn: 42942 - precision: 0.0000 - recall: 0.0000 - accuracy: 0.0000 - f1-score: 0.0000
2019-04-12 15:02:44,439 medication.thiazolidinedione..during_dct tp: 0 - fp: 0 - fn: 3 - tn: 42943 - precision: 0.0000 - recall: 0.0000 - accuracy: 0.0000 - f1-score: 0.0000
2019-04-12 15:02:44,439 medication.thiazolidinedione..during_dct tp: 0 - fp: 0 - fn: 3 - tn: 42943 - precision: 0.0000 - recall: 0.0000 - accuracy: 0.0000 - f1-score: 0.0000
2019-04-12 15:02:44,439 medication.thiazolidinedione..during_dct tp: 0 - fp: 0 - fn: 3 - tn: 42943 - precision: 0.0000 - recall: 0.0000 - accuracy: 0.0000 - f1-score: 0.0000
2019-04-12 15:02:44,439 medication.thiazolidinedione..during_dct tp: 0 - fp: 0 - fn: 3 - tn: 42943 - precision: 0.0000 - recall: 0.0000 - accuracy: 0.0000 - f1-score: 0.0000
2019-04-12 15:02:44,447 medication.thienopyridine..after_dct tp: 36 - fp: 43 - fn: 15 - tn: 42852 - precision: 0.4557 - recall: 0.7059 - accuracy: 0.3830 - f1-score: 0.5539
2019-04-12 15:02:44,447 medication.thienopyridine..after_dct tp: 36 - fp: 43 - fn: 15 - tn: 42852 - precision: 0.4557 - recall: 0.7059 - accuracy: 0.3830 - f1-score: 0.5539
2019-04-12 15:02:44,447 medication.thienopyridine..after_dct tp: 36 - fp: 43 - fn: 15 - tn: 42852 - precision: 0.4557 - recall: 0.7059 - accuracy: 0.3830 - f1-score: 0.5539
2019-04-12 15:02:44,447 medication.thienopyridine..after_dct tp: 36 - fp: 43 - fn: 15 - tn: 42852 - precision: 0.4557 - recall: 0.7059 - accuracy: 0.3830 - f1-score: 0.5539
2019-04-12 15:02:44,462 medication.thienopyridine..before_dct tp: 0 - fp: 0 - fn: 33 - tn: 42913 - precision: 0.0000 - recall: 0.0000 - accuracy: 0.0000 - f1-score: 0.0000
2019-04-12 15:02:44,462 medication.thienopyridine..before_dct tp: 0 - fp: 0 - fn: 33 - tn: 42913 - precision: 0.0000 - recall: 0.0000 - accuracy: 0.0000 - f1-score: 0.0000
2019-04-12 15:02:44,462 medication.thienopyridine..before_dct tp: 0 - fp: 0 - fn: 33 - tn: 42913 - precision: 0.0000 - recall: 0.0000 - accuracy: 0.0000 - f1-score: 0.0000
2019-04-12 15:02:44,462 medication.thienopyridine..before_dct tp: 0 - fp: 0 - fn: 33 - tn: 42913 - precision: 0.0000 - recall: 0.0000 - accuracy: 0.0000 - f1-score: 0.0000
2019-04-12 15:02:44,490 medication.thienopyridine..during_dct tp: 0 - fp: 0 - fn: 11 - tn: 42935 - precision: 0.0000 - recall: 0.0000 - accuracy: 0.0000 - f1-score: 0.0000
2019-04-12 15:02:44,490 medication.thienopyridine..during_dct tp: 0 - fp: 0 - fn: 11 - tn: 42935 - precision: 0.0000 - recall: 0.0000 - accuracy: 0.0000 - f1-score: 0.0000
2019-04-12 15:02:44,490 medication.thienopyridine..during_dct tp: 0 - fp: 0 - fn: 11 - tn: 42935 - precision: 0.0000 - recall: 0.0000 - accuracy: 0.0000 - f1-score: 0.0000
2019-04-12 15:02:44,490 medication.thienopyridine..during_dct tp: 0 - fp: 0 - fn: 11 - tn: 42935 - precision: 0.0000 - recall: 0.0000 - accuracy: 0.0000 - f1-score: 0.0000
2019-04-12 15:02:44,499 obese.bmi.after_dct tp: 0 - fp: 0 - fn: 1 - tn: 42945 - precision: 0.0000 - recall: 0.0000 - accuracy: 0.0000 - f1-score: 0.0000
2019-04-12 15:02:44,499 obese.bmi.after_dct tp: 0 - fp: 0 - fn: 1 - tn: 42945 - precision: 0.0000 - recall: 0.0000 - accuracy: 0.0000 - f1-score: 0.0000
2019-04-12 15:02:44,499 obese.bmi.after_dct tp: 0 - fp: 0 - fn: 1 - tn: 42945 - precision: 0.0000 - recall: 0.0000 - accuracy: 0.0000 - f1-score: 0.0000
2019-04-12 15:02:44,499 obese.bmi.after_dct tp: 0 - fp: 0 - fn: 1 - tn: 42945 - precision: 0.0000 - recall: 0.0000 - accuracy: 0.0000 - f1-score: 0.0000
2019-04-12 15:02:44,507 obese.bmi.before_dct tp: 0 - fp: 0 - fn: 0 - tn: 42946 - precision: 0.0000 - recall: 0.0000 - accuracy: 0.0000 - f1-score: 0.0000
2019-04-12 15:02:44,507 obese.bmi.before_dct tp: 0 - fp: 0 - fn: 0 - tn: 42946 - precision: 0.0000 - recall: 0.0000 - accuracy: 0.0000 - f1-score: 0.0000
2019-04-12 15:02:44,507 obese.bmi.before_dct tp: 0 - fp: 0 - fn: 0 - tn: 42946 - precision: 0.0000 - recall: 0.0000 - accuracy: 0.0000 - f1-score: 0.0000
2019-04-12 15:02:44,507 obese.bmi.before_dct tp: 0 - fp: 0 - fn: 0 - tn: 42946 - precision: 0.0000 - recall: 0.0000 - accuracy: 0.0000 - f1-score: 0.0000
2019-04-12 15:02:44,537 obese.bmi.during_dct tp: 0 - fp: 0 - fn: 8 - tn: 42938 - precision: 0.0000 - recall: 0.0000 - accuracy: 0.0000 - f1-score: 0.0000
2019-04-12 15:02:44,537 obese.bmi.during_dct tp: 0 - fp: 0 - fn: 8 - tn: 42938 - precision: 0.0000 - recall: 0.0000 - accuracy: 0.0000 - f1-score: 0.0000
2019-04-12 15:02:44,537 obese.bmi.during_dct tp: 0 - fp: 0 - fn: 8 - tn: 42938 - precision: 0.0000 - recall: 0.0000 - accuracy: 0.0000 - f1-score: 0.0000
2019-04-12 15:02:44,537 obese.bmi.during_dct tp: 0 - fp: 0 - fn: 8 - tn: 42938 - precision: 0.0000 - recall: 0.0000 - accuracy: 0.0000 - f1-score: 0.0000
2019-04-12 15:02:44,552 obese.mention.after_dct tp: 0 - fp: 0 - fn: 14 - tn: 42932 - precision: 0.0000 - recall: 0.0000 - accuracy: 0.0000 - f1-score: 0.0000
2019-04-12 15:02:44,552 obese.mention.after_dct tp: 0 - fp: 0 - fn: 14 - tn: 42932 - precision: 0.0000 - recall: 0.0000 - accuracy: 0.0000 - f1-score: 0.0000
2019-04-12 15:02:44,552 obese.mention.after_dct tp: 0 - fp: 0 - fn: 14 - tn: 42932 - precision: 0.0000 - recall: 0.0000 - accuracy: 0.0000 - f1-score: 0.0000
2019-04-12 15:02:44,552 obese.mention.after_dct tp: 0 - fp: 0 - fn: 14 - tn: 42932 - precision: 0.0000 - recall: 0.0000 - accuracy: 0.0000 - f1-score: 0.0000
2019-04-12 15:02:44,554 obese.mention.before_dct tp: 13 - fp: 11 - fn: 28 - tn: 42894 - precision: 0.5417 - recall: 0.3171 - accuracy: 0.2500 - f1-score: 0.4000
2019-04-12 15:02:44,554 obese.mention.before_dct tp: 13 - fp: 11 - fn: 28 - tn: 42894 - precision: 0.5417 - recall: 0.3171 - accuracy: 0.2500 - f1-score: 0.4000
2019-04-12 15:02:44,554 obese.mention.before_dct tp: 13 - fp: 11 - fn: 28 - tn: 42894 - precision: 0.5417 - recall: 0.3171 - accuracy: 0.2500 - f1-score: 0.4000
2019-04-12 15:02:44,554 obese.mention.before_dct tp: 13 - fp: 11 - fn: 28 - tn: 42894 - precision: 0.5417 - recall: 0.3171 - accuracy: 0.2500 - f1-score: 0.4000
2019-04-12 15:02:44,568 obese.mention.during_dct tp: 39 - fp: 48 - fn: 13 - tn: 42846 - precision: 0.4483 - recall: 0.7500 - accuracy: 0.3900 - f1-score: 0.5612
2019-04-12 15:02:44,568 obese.mention.during_dct tp: 39 - fp: 48 - fn: 13 - tn: 42846 - precision: 0.4483 - recall: 0.7500 - accuracy: 0.3900 - f1-score: 0.5612
2019-04-12 15:02:44,568 obese.mention.during_dct tp: 39 - fp: 48 - fn: 13 - tn: 42846 - precision: 0.4483 - recall: 0.7500 - accuracy: 0.3900 - f1-score: 0.5612
2019-04-12 15:02:44,568 obese.mention.during_dct tp: 39 - fp: 48 - fn: 13 - tn: 42846 - precision: 0.4483 - recall: 0.7500 - accuracy: 0.3900 - f1-score: 0.5612
2019-04-12 15:02:44,584 smoker.current tp: 15 - fp: 27 - fn: 21 - tn: 42883 - precision: 0.3571 - recall: 0.4167 - accuracy: 0.2381 - f1-score: 0.3846
2019-04-12 15:02:44,584 smoker.current tp: 15 - fp: 27 - fn: 21 - tn: 42883 - precision: 0.3571 - recall: 0.4167 - accuracy: 0.2381 - f1-score: 0.3846
2019-04-12 15:02:44,584 smoker.current tp: 15 - fp: 27 - fn: 21 - tn: 42883 - precision: 0.3571 - recall: 0.4167 - accuracy: 0.2381 - f1-score: 0.3846
2019-04-12 15:02:44,584 smoker.current tp: 15 - fp: 27 - fn: 21 - tn: 42883 - precision: 0.3571 - recall: 0.4167 - accuracy: 0.2381 - f1-score: 0.3846
2019-04-12 15:02:44,599 smoker.ever tp: 0 - fp: 0 - fn: 3 - tn: 42943 - precision: 0.0000 - recall: 0.0000 - accuracy: 0.0000 - f1-score: 0.0000
2019-04-12 15:02:44,599 smoker.ever tp: 0 - fp: 0 - fn: 3 - tn: 42943 - precision: 0.0000 - recall: 0.0000 - accuracy: 0.0000 - f1-score: 0.0000
2019-04-12 15:02:44,599 smoker.ever tp: 0 - fp: 0 - fn: 3 - tn: 42943 - precision: 0.0000 - recall: 0.0000 - accuracy: 0.0000 - f1-score: 0.0000
2019-04-12 15:02:44,599 smoker.ever tp: 0 - fp: 0 - fn: 3 - tn: 42943 - precision: 0.0000 - recall: 0.0000 - accuracy: 0.0000 - f1-score: 0.0000
2019-04-12 15:02:44,620 smoker.never tp: 58 - fp: 4 - fn: 53 - tn: 42831 - precision: 0.9355 - recall: 0.5225 - accuracy: 0.5043 - f1-score: 0.6705
2019-04-12 15:02:44,620 smoker.never tp: 58 - fp: 4 - fn: 53 - tn: 42831 - precision: 0.9355 - recall: 0.5225 - accuracy: 0.5043 - f1-score: 0.6705
2019-04-12 15:02:44,620 smoker.never tp: 58 - fp: 4 - fn: 53 - tn: 42831 - precision: 0.9355 - recall: 0.5225 - accuracy: 0.5043 - f1-score: 0.6705
2019-04-12 15:02:44,620 smoker.never tp: 58 - fp: 4 - fn: 53 - tn: 42831 - precision: 0.9355 - recall: 0.5225 - accuracy: 0.5043 - f1-score: 0.6705
2019-04-12 15:02:44,635 smoker.past tp: 54 - fp: 11 - fn: 56 - tn: 42825 - precision: 0.8308 - recall: 0.4909 - accuracy: 0.4463 - f1-score: 0.6171
2019-04-12 15:02:44,635 smoker.past tp: 54 - fp: 11 - fn: 56 - tn: 42825 - precision: 0.8308 - recall: 0.4909 - accuracy: 0.4463 - f1-score: 0.6171
2019-04-12 15:02:44,635 smoker.past tp: 54 - fp: 11 - fn: 56 - tn: 42825 - precision: 0.8308 - recall: 0.4909 - accuracy: 0.4463 - f1-score: 0.6171
2019-04-12 15:02:44,635 smoker.past tp: 54 - fp: 11 - fn: 56 - tn: 42825 - precision: 0.8308 - recall: 0.4909 - accuracy: 0.4463 - f1-score: 0.6171
2019-04-12 15:02:44,650 smoker.unknown tp: 0 - fp: 0 - fn: 197 - tn: 42749 - precision: 0.0000 - recall: 0.0000 - accuracy: 0.0000 - f1-score: 0.0000
2019-04-12 15:02:44,650 smoker.unknown tp: 0 - fp: 0 - fn: 197 - tn: 42749 - precision: 0.0000 - recall: 0.0000 - accuracy: 0.0000 - f1-score: 0.0000
2019-04-12 15:02:44,650 smoker.unknown tp: 0 - fp: 0 - fn: 197 - tn: 42749 - precision: 0.0000 - recall: 0.0000 - accuracy: 0.0000 - f1-score: 0.0000
2019-04-12 15:02:44,650 smoker.unknown tp: 0 - fp: 0 - fn: 197 - tn: 42749 - precision: 0.0000 - recall: 0.0000 - accuracy: 0.0000 - f1-score: 0.0000
2019-04-12 15:02:44,666 ----------------------------------------------------------------------------------------------------
2019-04-12 15:02:44,666 ----------------------------------------------------------------------------------------------------
2019-04-12 15:02:44,666 ----------------------------------------------------------------------------------------------------
2019-04-12 15:02:44,666 ----------------------------------------------------------------------------------------------------
2019-04-12 15:32:07,072 loading file BERT/final-model.pt
2019-04-12 15:32:07,072 loading file BERT/final-model.pt
2019-04-12 15:32:07,072 loading file BERT/final-model.pt
2019-04-12 15:32:07,072 loading file BERT/final-model.pt
2019-04-12 15:32:16,993 loading file BERT\final-model.pt
2019-04-12 15:32:16,993 loading file BERT\final-model.pt
2019-04-12 15:32:16,993 loading file BERT\final-model.pt
2019-04-12 15:32:16,993 loading file BERT\final-model.pt
2019-04-12 15:32:28,950 loading file FLAIR_data\BERT\final-model.pt
2019-04-12 15:32:28,950 loading file FLAIR_data\BERT\final-model.pt
2019-04-12 15:32:28,950 loading file FLAIR_data\BERT\final-model.pt
2019-04-12 15:32:28,950 loading file FLAIR_data\BERT\final-model.pt
2019-04-12 15:37:57,462 loading file FLAIR_data\BERT\final-model.pt
2019-04-12 15:37:57,462 loading file FLAIR_data\BERT\final-model.pt
2019-04-12 15:37:57,462 loading file FLAIR_data\BERT\final-model.pt
2019-04-12 15:37:57,462 loading file FLAIR_data\BERT\final-model.pt
2019-04-12 16:32:19,668 loading file FLAIR_data\BERT\Flair_BERT_CHAR_Results\final-model.pt
2019-04-12 16:32:19,668 loading file FLAIR_data\BERT\Flair_BERT_CHAR_Results\final-model.pt
2019-04-12 16:32:19,668 loading file FLAIR_data\BERT\Flair_BERT_CHAR_Results\final-model.pt
2019-04-12 16:32:19,668 loading file FLAIR_data\BERT\Flair_BERT_CHAR_Results\final-model.pt
2019-04-12 17:23:22,487 loading file FLAIR_data\BERT\final-model.pt
2019-04-12 17:23:22,487 loading file FLAIR_data\BERT\final-model.pt
2019-04-12 17:23:22,487 loading file FLAIR_data\BERT\final-model.pt
2019-04-12 17:23:22,487 loading file FLAIR_data\BERT\final-model.pt
2019-04-12 17:23:34,090 loading file FLAIR_data\BERT\final-model.pt
2019-04-12 17:23:34,090 loading file FLAIR_data\BERT\final-model.pt
2019-04-12 17:23:34,090 loading file FLAIR_data\BERT\final-model.pt
2019-04-12 17:23:34,090 loading file FLAIR_data\BERT\final-model.pt
